2025-01-19T01:31:14.152+02:00  INFO 83549 --- [ticket-message-service] [main] c.a.t.TicketMessageServiceApplication    : Starting TicketMessageServiceApplication using Java 17.0.13 with PID 83549 (/home/another/Project/developering/ticket-management-system/ticket-message-service/build/classes/java/main started by another in /home/another/Project/developering/ticket-management-system/ticket-message-service)
2025-01-19T01:31:14.156+02:00  INFO 83549 --- [ticket-message-service] [main] c.a.t.TicketMessageServiceApplication    : No active profile set, falling back to 1 default profile: "default"
2025-01-19T01:31:15.078+02:00  INFO 83549 --- [ticket-message-service] [main] .s.d.r.c.RepositoryConfigurationDelegate : Bootstrapping Spring Data MongoDB repositories in DEFAULT mode.
2025-01-19T01:31:15.329+02:00  INFO 83549 --- [ticket-message-service] [main] .s.d.r.c.RepositoryConfigurationDelegate : Finished Spring Data repository scanning in 242 ms. Found 2 MongoDB repository interfaces.
2025-01-19T01:31:15.432+02:00  INFO 83549 --- [ticket-message-service] [main] faultConfiguringBeanFactoryPostProcessor : No bean named 'errorChannel' has been explicitly defined. Therefore, a default PublishSubscribeChannel will be created.
2025-01-19T01:31:15.446+02:00  INFO 83549 --- [ticket-message-service] [main] faultConfiguringBeanFactoryPostProcessor : No bean named 'integrationHeaderChannelRegistry' has been explicitly defined. Therefore, a default DefaultHeaderChannelRegistry will be created.
2025-01-19T01:31:17.018+02:00  INFO 83549 --- [ticket-message-service] [main] org.mongodb.driver.client                : MongoClient with metadata {"driver": {"name": "mongo-java-driver|sync|spring-boot", "version": "5.2.1"}, "os": {"type": "Linux", "name": "Linux", "architecture": "amd64", "version": "6.12.9-arch1-1"}, "platform": "Java/Arch Linux/17.0.13+11"} created with settings MongoClientSettings{readPreference=primary, writeConcern=WriteConcern{w=null, wTimeout=null ms, journal=null}, retryWrites=true, retryReads=true, readConcern=ReadConcern{level=null}, credential=MongoCredential{mechanism=null, userName='app_user', source='ticket_bd', password=<hidden>, mechanismProperties=<hidden>}, transportSettings=null, commandListeners=[], codecRegistry=ProvidersCodecRegistry{codecProviders=[ValueCodecProvider{}, BsonValueCodecProvider{}, DBRefCodecProvider{}, DBObjectCodecProvider{}, DocumentCodecProvider{}, CollectionCodecProvider{}, IterableCodecProvider{}, MapCodecProvider{}, GeoJsonCodecProvider{}, GridFSFileCodecProvider{}, Jsr310CodecProvider{}, JsonObjectCodecProvider{}, BsonCodecProvider{}, EnumCodecProvider{}, com.mongodb.client.model.mql.ExpressionCodecProvider@5e905f2c, com.mongodb.Jep395RecordCodecProvider@fddd7ae, com.mongodb.KotlinCodecProvider@3f6cce7f]}, loggerSettings=LoggerSettings{maxDocumentLength=1000}, clusterSettings={hosts=[localhost:27017], srvServiceName=mongodb, mode=SINGLE, requiredClusterType=UNKNOWN, requiredReplicaSetName='null', serverSelector='null', clusterListeners='[]', serverSelectionTimeout='30000 ms', localThreshold='15 ms'}, socketSettings=SocketSettings{connectTimeoutMS=10000, readTimeoutMS=0, receiveBufferSize=0, proxySettings=ProxySettings{host=null, port=null, username=null, password=null}}, heartbeatSocketSettings=SocketSettings{connectTimeoutMS=10000, readTimeoutMS=10000, receiveBufferSize=0, proxySettings=ProxySettings{host=null, port=null, username=null, password=null}}, connectionPoolSettings=ConnectionPoolSettings{maxSize=100, minSize=0, maxWaitTimeMS=120000, maxConnectionLifeTimeMS=0, maxConnectionIdleTimeMS=0, maintenanceInitialDelayMS=0, maintenanceFrequencyMS=60000, connectionPoolListeners=[], maxConnecting=2}, serverSettings=ServerSettings{heartbeatFrequencyMS=10000, minHeartbeatFrequencyMS=500, serverMonitoringMode=AUTO, serverListeners='[]', serverMonitorListeners='[]'}, sslSettings=SslSettings{enabled=false, invalidHostNameAllowed=false, context=null}, applicationName='null', compressorList=[], uuidRepresentation=JAVA_LEGACY, serverApi=null, autoEncryptionSettings=null, dnsClient=null, inetAddressResolver=null, contextProvider=null, timeoutMS=null}
2025-01-19T01:31:17.047+02:00  INFO 83549 --- [ticket-message-service] [cluster-ClusterId{value='678c39c40bae5a492e76a0ce', description='null'}-localhost:27017] org.mongodb.driver.cluster               : Monitor thread successfully connected to server with description ServerDescription{address=localhost:27017, type=STANDALONE, cryptd=false, state=CONNECTED, ok=true, minWireVersion=0, maxWireVersion=25, maxDocumentSize=16777216, logicalSessionTimeoutMinutes=30, roundTripTimeNanos=39090912, minRoundTripTimeNanos=0}
2025-01-19T01:31:17.444+02:00  INFO 83549 --- [ticket-message-service] [main] m.c.i.MongoPersistentEntityIndexResolver : Found cycle for field '_id' in type 'Users' for path 'users -> task -> users'
2025-01-19T01:31:17.445+02:00  INFO 83549 --- [ticket-message-service] [main] m.c.i.MongoPersistentEntityIndexResolver : Found cycle for field '_id' in type 'Task' for path 'task -> workUser -> task'
2025-01-19T01:31:17.446+02:00  INFO 83549 --- [ticket-message-service] [main] m.c.i.MongoPersistentEntityIndexResolver : Found cycle for field '_id' in type 'Task' for path 'task -> users -> task'
2025-01-19T01:31:17.446+02:00  INFO 83549 --- [ticket-message-service] [main] m.c.i.MongoPersistentEntityIndexResolver : Found cycle for field '_id' in type 'Users' for path 'workUser -> task -> workUser'
2025-01-19T01:31:17.449+02:00  INFO 83549 --- [ticket-message-service] [main] m.c.i.MongoPersistentEntityIndexResolver : Found cycle for field 'users' in type 'Task' for path 'users -> task -> users'
2025-01-19T01:31:17.451+02:00  INFO 83549 --- [ticket-message-service] [main] m.c.i.MongoPersistentEntityIndexResolver : Found cycle for field 'task' in type 'Users' for path 'task -> users -> task'
2025-01-19T01:31:17.451+02:00  INFO 83549 --- [ticket-message-service] [main] m.c.i.MongoPersistentEntityIndexResolver : Found cycle for field 'workUser' in type 'Task' for path 'workUser -> task -> workUser'
2025-01-19T01:31:18.727+02:00  INFO 83549 --- [ticket-message-service] [main] o.s.i.endpoint.EventDrivenConsumer       : Adding {logging-channel-adapter:_org.springframework.integration.errorLogger} as a subscriber to the 'errorChannel' channel
2025-01-19T01:31:18.728+02:00  INFO 83549 --- [ticket-message-service] [main] o.s.i.channel.PublishSubscribeChannel    : Channel 'ticket-message-service.errorChannel' has 1 subscriber(s).
2025-01-19T01:31:18.729+02:00  INFO 83549 --- [ticket-message-service] [main] o.s.i.endpoint.EventDrivenConsumer       : started bean '_org.springframework.integration.errorLogger'
2025-01-19T01:31:18.730+02:00  INFO 83549 --- [ticket-message-service] [main] o.s.i.endpoint.EventDrivenConsumer       : Adding {object-to-json-transformer} as a subscriber to the 'setStatusFiletWriteChannel' channel
2025-01-19T01:31:18.730+02:00  INFO 83549 --- [ticket-message-service] [main] o.s.integration.channel.DirectChannel    : Channel 'ticket-message-service.setStatusFiletWriteChannel' has 1 subscriber(s).
2025-01-19T01:31:18.730+02:00  INFO 83549 --- [ticket-message-service] [main] o.s.i.endpoint.EventDrivenConsumer       : started bean 'integrationFlow.org.springframework.integration.config.ConsumerEndpointFactoryBean#0'; from source: 'com.another.ticketmessageservice.write.FileWriter.integrationFlow()'
2025-01-19T01:31:18.731+02:00  INFO 83549 --- [ticket-message-service] [main] o.s.i.endpoint.EventDrivenConsumer       : Adding {file:outbound-channel-adapter} as a subscriber to the 'integrationFlow.channel#0' channel
2025-01-19T01:31:18.731+02:00  INFO 83549 --- [ticket-message-service] [main] o.s.integration.channel.DirectChannel    : Channel 'ticket-message-service.integrationFlow.channel#0' has 1 subscriber(s).
2025-01-19T01:31:18.731+02:00  INFO 83549 --- [ticket-message-service] [main] o.s.i.endpoint.EventDrivenConsumer       : started bean 'integrationFlow.org.springframework.integration.config.ConsumerEndpointFactoryBean#1'; from source: 'com.another.ticketmessageservice.write.FileWriter.integrationFlow()'
2025-01-19T01:31:18.735+02:00  INFO 83549 --- [ticket-message-service] [main] o.s.a.r.c.CachingConnectionFactory       : Attempting to connect to: [localhost:5672]
2025-01-19T01:31:18.822+02:00  INFO 83549 --- [ticket-message-service] [main] o.s.a.r.c.CachingConnectionFactory       : Created new connection: rabbitConnectionFactory#134f8ef6:0/SimpleConnection@3909a854 [delegate=amqp://root@127.0.0.1:5672/, localPort=43744]
2025-01-19T01:31:18.911+02:00  INFO 83549 --- [ticket-message-service] [main] c.a.t.TicketMessageServiceApplication    : Started TicketMessageServiceApplication in 5.448 seconds (process running for 6.32)
2025-01-19T01:32:25.228+02:00  INFO 83549 --- [ticket-message-service] [org.springframework.amqp.rabbit.RabbitListenerEndpointContainer#0-2] o.s.a.r.l.SimpleMessageListenerContainer : Waiting for workers to finish.
2025-01-19T01:32:25.230+02:00  INFO 83549 --- [ticket-message-service] [org.springframework.amqp.rabbit.RabbitListenerEndpointContainer#1-2] o.s.a.r.l.SimpleMessageListenerContainer : Waiting for workers to finish.
2025-01-19T01:32:25.232+02:00  INFO 83549 --- [ticket-message-service] [org.springframework.amqp.rabbit.RabbitListenerEndpointContainer#2-2] o.s.a.r.l.SimpleMessageListenerContainer : Waiting for workers to finish.
2025-01-19T01:32:25.233+02:00  INFO 83549 --- [ticket-message-service] [org.springframework.amqp.rabbit.RabbitListenerEndpointContainer#3-2] o.s.a.r.l.SimpleMessageListenerContainer : Waiting for workers to finish.
2025-01-19T01:32:25.896+02:00  INFO 83549 --- [ticket-message-service] [org.springframework.amqp.rabbit.RabbitListenerEndpointContainer#0-2] o.s.a.r.l.SimpleMessageListenerContainer : Successfully waited for workers to finish.
2025-01-19T01:32:25.900+02:00  INFO 83549 --- [ticket-message-service] [org.springframework.amqp.rabbit.RabbitListenerEndpointContainer#1-2] o.s.a.r.l.SimpleMessageListenerContainer : Successfully waited for workers to finish.
2025-01-19T01:32:25.905+02:00  INFO 83549 --- [ticket-message-service] [org.springframework.amqp.rabbit.RabbitListenerEndpointContainer#2-2] o.s.a.r.l.SimpleMessageListenerContainer : Successfully waited for workers to finish.
2025-01-19T01:32:25.910+02:00  INFO 83549 --- [ticket-message-service] [org.springframework.amqp.rabbit.RabbitListenerEndpointContainer#3-2] o.s.a.r.l.SimpleMessageListenerContainer : Successfully waited for workers to finish.
2025-01-19T01:32:25.911+02:00  INFO 83549 --- [ticket-message-service] [SpringApplicationShutdownHook] o.s.i.endpoint.EventDrivenConsumer       : Removing {object-to-json-transformer} as a subscriber to the 'setStatusFiletWriteChannel' channel
2025-01-19T01:32:25.911+02:00  INFO 83549 --- [ticket-message-service] [SpringApplicationShutdownHook] o.s.integration.channel.DirectChannel    : Channel 'ticket-message-service.setStatusFiletWriteChannel' has 0 subscriber(s).
2025-01-19T01:32:25.912+02:00  INFO 83549 --- [ticket-message-service] [SpringApplicationShutdownHook] o.s.i.endpoint.EventDrivenConsumer       : stopped bean 'integrationFlow.org.springframework.integration.config.ConsumerEndpointFactoryBean#0'; from source: 'com.another.ticketmessageservice.write.FileWriter.integrationFlow()'
2025-01-19T01:32:25.913+02:00  INFO 83549 --- [ticket-message-service] [SpringApplicationShutdownHook] o.s.i.endpoint.EventDrivenConsumer       : Removing {file:outbound-channel-adapter} as a subscriber to the 'integrationFlow.channel#0' channel
2025-01-19T01:32:25.913+02:00  INFO 83549 --- [ticket-message-service] [SpringApplicationShutdownHook] o.s.integration.channel.DirectChannel    : Channel 'ticket-message-service.integrationFlow.channel#0' has 0 subscriber(s).
2025-01-19T01:32:25.914+02:00  INFO 83549 --- [ticket-message-service] [SpringApplicationShutdownHook] o.s.i.endpoint.EventDrivenConsumer       : stopped bean 'integrationFlow.org.springframework.integration.config.ConsumerEndpointFactoryBean#1'; from source: 'com.another.ticketmessageservice.write.FileWriter.integrationFlow()'
2025-01-19T01:32:25.920+02:00  INFO 83549 --- [ticket-message-service] [SpringApplicationShutdownHook] o.s.i.endpoint.EventDrivenConsumer       : Removing {logging-channel-adapter:_org.springframework.integration.errorLogger} as a subscriber to the 'errorChannel' channel
2025-01-19T01:32:25.921+02:00  INFO 83549 --- [ticket-message-service] [SpringApplicationShutdownHook] o.s.i.channel.PublishSubscribeChannel    : Channel 'ticket-message-service.errorChannel' has 0 subscriber(s).
2025-01-19T01:32:25.921+02:00  INFO 83549 --- [ticket-message-service] [SpringApplicationShutdownHook] o.s.i.endpoint.EventDrivenConsumer       : stopped bean '_org.springframework.integration.errorLogger'
2025-01-19T03:11:38.736+02:00  INFO 96574 --- [ticket-message-service] [main] c.a.t.TicketMessageServiceApplication    : Starting TicketMessageServiceApplication using Java 17.0.13 with PID 96574 (/home/another/Project/developering/ticket-management-system/ticket-message-service/build/classes/java/main started by another in /home/another/Project/developering/ticket-management-system/ticket-message-service)
2025-01-19T03:11:38.769+02:00  INFO 96574 --- [ticket-message-service] [main] c.a.t.TicketMessageServiceApplication    : No active profile set, falling back to 1 default profile: "default"
2025-01-19T03:11:39.900+02:00  INFO 96574 --- [ticket-message-service] [main] .s.d.r.c.RepositoryConfigurationDelegate : Bootstrapping Spring Data MongoDB repositories in DEFAULT mode.
2025-01-19T03:11:40.199+02:00  INFO 96574 --- [ticket-message-service] [main] .s.d.r.c.RepositoryConfigurationDelegate : Finished Spring Data repository scanning in 285 ms. Found 2 MongoDB repository interfaces.
2025-01-19T03:11:40.337+02:00  INFO 96574 --- [ticket-message-service] [main] faultConfiguringBeanFactoryPostProcessor : No bean named 'errorChannel' has been explicitly defined. Therefore, a default PublishSubscribeChannel will be created.
2025-01-19T03:11:40.354+02:00  INFO 96574 --- [ticket-message-service] [main] faultConfiguringBeanFactoryPostProcessor : No bean named 'integrationHeaderChannelRegistry' has been explicitly defined. Therefore, a default DefaultHeaderChannelRegistry will be created.
2025-01-19T03:11:42.029+02:00  INFO 96574 --- [ticket-message-service] [main] org.mongodb.driver.client                : MongoClient with metadata {"driver": {"name": "mongo-java-driver|sync|spring-boot", "version": "5.2.1"}, "os": {"type": "Linux", "name": "Linux", "architecture": "amd64", "version": "6.12.9-arch1-1"}, "platform": "Java/Arch Linux/17.0.13+11"} created with settings MongoClientSettings{readPreference=primary, writeConcern=WriteConcern{w=null, wTimeout=null ms, journal=null}, retryWrites=true, retryReads=true, readConcern=ReadConcern{level=null}, credential=MongoCredential{mechanism=null, userName='app_user', source='ticket_bd', password=<hidden>, mechanismProperties=<hidden>}, transportSettings=null, commandListeners=[], codecRegistry=ProvidersCodecRegistry{codecProviders=[ValueCodecProvider{}, BsonValueCodecProvider{}, DBRefCodecProvider{}, DBObjectCodecProvider{}, DocumentCodecProvider{}, CollectionCodecProvider{}, IterableCodecProvider{}, MapCodecProvider{}, GeoJsonCodecProvider{}, GridFSFileCodecProvider{}, Jsr310CodecProvider{}, JsonObjectCodecProvider{}, BsonCodecProvider{}, EnumCodecProvider{}, com.mongodb.client.model.mql.ExpressionCodecProvider@703fa45, com.mongodb.Jep395RecordCodecProvider@5e905f2c, com.mongodb.KotlinCodecProvider@fddd7ae]}, loggerSettings=LoggerSettings{maxDocumentLength=1000}, clusterSettings={hosts=[localhost:27017], srvServiceName=mongodb, mode=SINGLE, requiredClusterType=UNKNOWN, requiredReplicaSetName='null', serverSelector='null', clusterListeners='[]', serverSelectionTimeout='30000 ms', localThreshold='15 ms'}, socketSettings=SocketSettings{connectTimeoutMS=10000, readTimeoutMS=0, receiveBufferSize=0, proxySettings=ProxySettings{host=null, port=null, username=null, password=null}}, heartbeatSocketSettings=SocketSettings{connectTimeoutMS=10000, readTimeoutMS=10000, receiveBufferSize=0, proxySettings=ProxySettings{host=null, port=null, username=null, password=null}}, connectionPoolSettings=ConnectionPoolSettings{maxSize=100, minSize=0, maxWaitTimeMS=120000, maxConnectionLifeTimeMS=0, maxConnectionIdleTimeMS=0, maintenanceInitialDelayMS=0, maintenanceFrequencyMS=60000, connectionPoolListeners=[], maxConnecting=2}, serverSettings=ServerSettings{heartbeatFrequencyMS=10000, minHeartbeatFrequencyMS=500, serverMonitoringMode=AUTO, serverListeners='[]', serverMonitorListeners='[]'}, sslSettings=SslSettings{enabled=false, invalidHostNameAllowed=false, context=null}, applicationName='null', compressorList=[], uuidRepresentation=JAVA_LEGACY, serverApi=null, autoEncryptionSettings=null, dnsClient=null, inetAddressResolver=null, contextProvider=null, timeoutMS=null}
2025-01-19T03:11:42.068+02:00  INFO 96574 --- [ticket-message-service] [cluster-ClusterId{value='678c514d706dc05a07b09003', description='null'}-localhost:27017] org.mongodb.driver.cluster               : Monitor thread successfully connected to server with description ServerDescription{address=localhost:27017, type=STANDALONE, cryptd=false, state=CONNECTED, ok=true, minWireVersion=0, maxWireVersion=25, maxDocumentSize=16777216, logicalSessionTimeoutMinutes=30, roundTripTimeNanos=48950402, minRoundTripTimeNanos=0}
2025-01-19T03:11:42.493+02:00  INFO 96574 --- [ticket-message-service] [main] m.c.i.MongoPersistentEntityIndexResolver : Found cycle for field '_id' in type 'Users' for path 'users -> task -> users'
2025-01-19T03:11:42.494+02:00  INFO 96574 --- [ticket-message-service] [main] m.c.i.MongoPersistentEntityIndexResolver : Found cycle for field '_id' in type 'Task' for path 'task -> workUser -> task'
2025-01-19T03:11:42.496+02:00  INFO 96574 --- [ticket-message-service] [main] m.c.i.MongoPersistentEntityIndexResolver : Found cycle for field '_id' in type 'Task' for path 'task -> users -> task'
2025-01-19T03:11:42.497+02:00  INFO 96574 --- [ticket-message-service] [main] m.c.i.MongoPersistentEntityIndexResolver : Found cycle for field '_id' in type 'Users' for path 'workUser -> task -> workUser'
2025-01-19T03:11:42.503+02:00  INFO 96574 --- [ticket-message-service] [main] m.c.i.MongoPersistentEntityIndexResolver : Found cycle for field 'users' in type 'Task' for path 'users -> task -> users'
2025-01-19T03:11:42.505+02:00  INFO 96574 --- [ticket-message-service] [main] m.c.i.MongoPersistentEntityIndexResolver : Found cycle for field 'task' in type 'Users' for path 'task -> users -> task'
2025-01-19T03:11:42.506+02:00  INFO 96574 --- [ticket-message-service] [main] m.c.i.MongoPersistentEntityIndexResolver : Found cycle for field 'workUser' in type 'Task' for path 'workUser -> task -> workUser'
2025-01-19T03:11:43.907+02:00  INFO 96574 --- [ticket-message-service] [main] o.s.i.endpoint.EventDrivenConsumer       : Adding {logging-channel-adapter:_org.springframework.integration.errorLogger} as a subscriber to the 'errorChannel' channel
2025-01-19T03:11:43.909+02:00  INFO 96574 --- [ticket-message-service] [main] o.s.i.channel.PublishSubscribeChannel    : Channel 'ticket-message-service.errorChannel' has 1 subscriber(s).
2025-01-19T03:11:43.909+02:00  INFO 96574 --- [ticket-message-service] [main] o.s.i.endpoint.EventDrivenConsumer       : started bean '_org.springframework.integration.errorLogger'
2025-01-19T03:11:43.910+02:00  INFO 96574 --- [ticket-message-service] [main] o.s.i.endpoint.EventDrivenConsumer       : Adding {object-to-json-transformer} as a subscriber to the 'setStatusFiletWriteChannel' channel
2025-01-19T03:11:43.910+02:00  INFO 96574 --- [ticket-message-service] [main] o.s.integration.channel.DirectChannel    : Channel 'ticket-message-service.setStatusFiletWriteChannel' has 1 subscriber(s).
2025-01-19T03:11:43.911+02:00  INFO 96574 --- [ticket-message-service] [main] o.s.i.endpoint.EventDrivenConsumer       : started bean 'integrationFlow.org.springframework.integration.config.ConsumerEndpointFactoryBean#0'; from source: 'com.another.ticketmessageservice.write.FileWriter.integrationFlow()'
2025-01-19T03:11:43.911+02:00  INFO 96574 --- [ticket-message-service] [main] o.s.i.endpoint.EventDrivenConsumer       : Adding {file:outbound-channel-adapter} as a subscriber to the 'integrationFlow.channel#0' channel
2025-01-19T03:11:43.911+02:00  INFO 96574 --- [ticket-message-service] [main] o.s.integration.channel.DirectChannel    : Channel 'ticket-message-service.integrationFlow.channel#0' has 1 subscriber(s).
2025-01-19T03:11:43.912+02:00  INFO 96574 --- [ticket-message-service] [main] o.s.i.endpoint.EventDrivenConsumer       : started bean 'integrationFlow.org.springframework.integration.config.ConsumerEndpointFactoryBean#1'; from source: 'com.another.ticketmessageservice.write.FileWriter.integrationFlow()'
2025-01-19T03:11:43.917+02:00  INFO 96574 --- [ticket-message-service] [main] o.s.a.r.c.CachingConnectionFactory       : Attempting to connect to: [localhost:5672]
2025-01-19T03:11:44.003+02:00  INFO 96574 --- [ticket-message-service] [main] o.s.a.r.c.CachingConnectionFactory       : Created new connection: rabbitConnectionFactory#ea04cab:0/SimpleConnection@7b795db7 [delegate=amqp://root@127.0.0.1:5672/, localPort=55072]
2025-01-19T03:11:44.097+02:00  INFO 96574 --- [ticket-message-service] [main] c.a.t.TicketMessageServiceApplication    : Started TicketMessageServiceApplication in 6.168 seconds (process running for 7.003)
2025-01-19T03:13:55.610+02:00  INFO 96574 --- [ticket-message-service] [org.springframework.amqp.rabbit.RabbitListenerEndpointContainer#0-2] o.s.a.r.l.SimpleMessageListenerContainer : Waiting for workers to finish.
2025-01-19T03:13:55.612+02:00  INFO 96574 --- [ticket-message-service] [org.springframework.amqp.rabbit.RabbitListenerEndpointContainer#1-2] o.s.a.r.l.SimpleMessageListenerContainer : Waiting for workers to finish.
2025-01-19T03:13:55.621+02:00  INFO 96574 --- [ticket-message-service] [org.springframework.amqp.rabbit.RabbitListenerEndpointContainer#2-2] o.s.a.r.l.SimpleMessageListenerContainer : Waiting for workers to finish.
2025-01-19T03:13:55.622+02:00  INFO 96574 --- [ticket-message-service] [org.springframework.amqp.rabbit.RabbitListenerEndpointContainer#3-2] o.s.a.r.l.SimpleMessageListenerContainer : Waiting for workers to finish.
2025-01-19T03:13:56.086+02:00  INFO 96574 --- [ticket-message-service] [org.springframework.amqp.rabbit.RabbitListenerEndpointContainer#0-2] o.s.a.r.l.SimpleMessageListenerContainer : Successfully waited for workers to finish.
2025-01-19T03:13:56.089+02:00  INFO 96574 --- [ticket-message-service] [org.springframework.amqp.rabbit.RabbitListenerEndpointContainer#1-2] o.s.a.r.l.SimpleMessageListenerContainer : Successfully waited for workers to finish.
2025-01-19T03:13:56.096+02:00  INFO 96574 --- [ticket-message-service] [org.springframework.amqp.rabbit.RabbitListenerEndpointContainer#2-2] o.s.a.r.l.SimpleMessageListenerContainer : Successfully waited for workers to finish.
2025-01-19T03:13:56.101+02:00  INFO 96574 --- [ticket-message-service] [org.springframework.amqp.rabbit.RabbitListenerEndpointContainer#3-2] o.s.a.r.l.SimpleMessageListenerContainer : Successfully waited for workers to finish.
2025-01-19T03:13:56.102+02:00  INFO 96574 --- [ticket-message-service] [SpringApplicationShutdownHook] o.s.i.endpoint.EventDrivenConsumer       : Removing {object-to-json-transformer} as a subscriber to the 'setStatusFiletWriteChannel' channel
2025-01-19T03:13:56.103+02:00  INFO 96574 --- [ticket-message-service] [SpringApplicationShutdownHook] o.s.integration.channel.DirectChannel    : Channel 'ticket-message-service.setStatusFiletWriteChannel' has 0 subscriber(s).
2025-01-19T03:13:56.104+02:00  INFO 96574 --- [ticket-message-service] [SpringApplicationShutdownHook] o.s.i.endpoint.EventDrivenConsumer       : stopped bean 'integrationFlow.org.springframework.integration.config.ConsumerEndpointFactoryBean#0'; from source: 'com.another.ticketmessageservice.write.FileWriter.integrationFlow()'
2025-01-19T03:13:56.104+02:00  INFO 96574 --- [ticket-message-service] [SpringApplicationShutdownHook] o.s.i.endpoint.EventDrivenConsumer       : Removing {file:outbound-channel-adapter} as a subscriber to the 'integrationFlow.channel#0' channel
2025-01-19T03:13:56.104+02:00  INFO 96574 --- [ticket-message-service] [SpringApplicationShutdownHook] o.s.integration.channel.DirectChannel    : Channel 'ticket-message-service.integrationFlow.channel#0' has 0 subscriber(s).
2025-01-19T03:13:56.106+02:00  INFO 96574 --- [ticket-message-service] [SpringApplicationShutdownHook] o.s.i.endpoint.EventDrivenConsumer       : stopped bean 'integrationFlow.org.springframework.integration.config.ConsumerEndpointFactoryBean#1'; from source: 'com.another.ticketmessageservice.write.FileWriter.integrationFlow()'
2025-01-19T03:13:56.112+02:00  INFO 96574 --- [ticket-message-service] [SpringApplicationShutdownHook] o.s.i.endpoint.EventDrivenConsumer       : Removing {logging-channel-adapter:_org.springframework.integration.errorLogger} as a subscriber to the 'errorChannel' channel
2025-01-19T03:13:56.112+02:00  INFO 96574 --- [ticket-message-service] [SpringApplicationShutdownHook] o.s.i.channel.PublishSubscribeChannel    : Channel 'ticket-message-service.errorChannel' has 0 subscriber(s).
2025-01-19T03:13:56.112+02:00  INFO 96574 --- [ticket-message-service] [SpringApplicationShutdownHook] o.s.i.endpoint.EventDrivenConsumer       : stopped bean '_org.springframework.integration.errorLogger'
2025-01-19T03:16:24.781+02:00  INFO 97424 --- [ticket-message-service] [main] c.a.t.TicketMessageServiceApplication    : Starting TicketMessageServiceApplication using Java 17.0.13 with PID 97424 (/home/another/Project/developering/ticket-management-system/ticket-message-service/build/classes/java/main started by another in /home/another/Project/developering/ticket-management-system/ticket-message-service)
2025-01-19T03:16:24.785+02:00  INFO 97424 --- [ticket-message-service] [main] c.a.t.TicketMessageServiceApplication    : No active profile set, falling back to 1 default profile: "default"
2025-01-19T03:16:25.784+02:00  INFO 97424 --- [ticket-message-service] [main] .s.d.r.c.RepositoryConfigurationDelegate : Bootstrapping Spring Data MongoDB repositories in DEFAULT mode.
2025-01-19T03:16:26.047+02:00  INFO 97424 --- [ticket-message-service] [main] .s.d.r.c.RepositoryConfigurationDelegate : Finished Spring Data repository scanning in 253 ms. Found 2 MongoDB repository interfaces.
2025-01-19T03:16:26.151+02:00  INFO 97424 --- [ticket-message-service] [main] faultConfiguringBeanFactoryPostProcessor : No bean named 'errorChannel' has been explicitly defined. Therefore, a default PublishSubscribeChannel will be created.
2025-01-19T03:16:26.167+02:00  INFO 97424 --- [ticket-message-service] [main] faultConfiguringBeanFactoryPostProcessor : No bean named 'integrationHeaderChannelRegistry' has been explicitly defined. Therefore, a default DefaultHeaderChannelRegistry will be created.
2025-01-19T03:16:27.748+02:00  INFO 97424 --- [ticket-message-service] [main] org.mongodb.driver.client                : MongoClient with metadata {"driver": {"name": "mongo-java-driver|sync|spring-boot", "version": "5.2.1"}, "os": {"type": "Linux", "name": "Linux", "architecture": "amd64", "version": "6.12.9-arch1-1"}, "platform": "Java/Arch Linux/17.0.13+11"} created with settings MongoClientSettings{readPreference=primary, writeConcern=WriteConcern{w=null, wTimeout=null ms, journal=null}, retryWrites=true, retryReads=true, readConcern=ReadConcern{level=null}, credential=MongoCredential{mechanism=null, userName='app_user', source='ticket_bd', password=<hidden>, mechanismProperties=<hidden>}, transportSettings=null, commandListeners=[], codecRegistry=ProvidersCodecRegistry{codecProviders=[ValueCodecProvider{}, BsonValueCodecProvider{}, DBRefCodecProvider{}, DBObjectCodecProvider{}, DocumentCodecProvider{}, CollectionCodecProvider{}, IterableCodecProvider{}, MapCodecProvider{}, GeoJsonCodecProvider{}, GridFSFileCodecProvider{}, Jsr310CodecProvider{}, JsonObjectCodecProvider{}, BsonCodecProvider{}, EnumCodecProvider{}, com.mongodb.client.model.mql.ExpressionCodecProvider@7d0cd23c, com.mongodb.Jep395RecordCodecProvider@17c4dc5b, com.mongodb.KotlinCodecProvider@6b0f266e]}, loggerSettings=LoggerSettings{maxDocumentLength=1000}, clusterSettings={hosts=[localhost:27017], srvServiceName=mongodb, mode=SINGLE, requiredClusterType=UNKNOWN, requiredReplicaSetName='null', serverSelector='null', clusterListeners='[]', serverSelectionTimeout='30000 ms', localThreshold='15 ms'}, socketSettings=SocketSettings{connectTimeoutMS=10000, readTimeoutMS=0, receiveBufferSize=0, proxySettings=ProxySettings{host=null, port=null, username=null, password=null}}, heartbeatSocketSettings=SocketSettings{connectTimeoutMS=10000, readTimeoutMS=10000, receiveBufferSize=0, proxySettings=ProxySettings{host=null, port=null, username=null, password=null}}, connectionPoolSettings=ConnectionPoolSettings{maxSize=100, minSize=0, maxWaitTimeMS=120000, maxConnectionLifeTimeMS=0, maxConnectionIdleTimeMS=0, maintenanceInitialDelayMS=0, maintenanceFrequencyMS=60000, connectionPoolListeners=[], maxConnecting=2}, serverSettings=ServerSettings{heartbeatFrequencyMS=10000, minHeartbeatFrequencyMS=500, serverMonitoringMode=AUTO, serverListeners='[]', serverMonitorListeners='[]'}, sslSettings=SslSettings{enabled=false, invalidHostNameAllowed=false, context=null}, applicationName='null', compressorList=[], uuidRepresentation=JAVA_LEGACY, serverApi=null, autoEncryptionSettings=null, dnsClient=null, inetAddressResolver=null, contextProvider=null, timeoutMS=null}
2025-01-19T03:16:27.769+02:00  INFO 97424 --- [ticket-message-service] [cluster-ClusterId{value='678c526baff89c011de56bae', description='null'}-localhost:27017] org.mongodb.driver.cluster               : Monitor thread successfully connected to server with description ServerDescription{address=localhost:27017, type=STANDALONE, cryptd=false, state=CONNECTED, ok=true, minWireVersion=0, maxWireVersion=25, maxDocumentSize=16777216, logicalSessionTimeoutMinutes=30, roundTripTimeNanos=31309147, minRoundTripTimeNanos=0}
2025-01-19T03:16:28.180+02:00  INFO 97424 --- [ticket-message-service] [main] m.c.i.MongoPersistentEntityIndexResolver : Found cycle for field '_id' in type 'Users' for path 'users -> task -> users'
2025-01-19T03:16:28.180+02:00  INFO 97424 --- [ticket-message-service] [main] m.c.i.MongoPersistentEntityIndexResolver : Found cycle for field '_id' in type 'Task' for path 'task -> workUser -> task'
2025-01-19T03:16:28.181+02:00  INFO 97424 --- [ticket-message-service] [main] m.c.i.MongoPersistentEntityIndexResolver : Found cycle for field '_id' in type 'Task' for path 'task -> users -> task'
2025-01-19T03:16:28.182+02:00  INFO 97424 --- [ticket-message-service] [main] m.c.i.MongoPersistentEntityIndexResolver : Found cycle for field '_id' in type 'Users' for path 'workUser -> task -> workUser'
2025-01-19T03:16:28.184+02:00  INFO 97424 --- [ticket-message-service] [main] m.c.i.MongoPersistentEntityIndexResolver : Found cycle for field 'users' in type 'Task' for path 'users -> task -> users'
2025-01-19T03:16:28.185+02:00  INFO 97424 --- [ticket-message-service] [main] m.c.i.MongoPersistentEntityIndexResolver : Found cycle for field 'task' in type 'Users' for path 'task -> users -> task'
2025-01-19T03:16:28.186+02:00  INFO 97424 --- [ticket-message-service] [main] m.c.i.MongoPersistentEntityIndexResolver : Found cycle for field 'workUser' in type 'Task' for path 'workUser -> task -> workUser'
2025-01-19T03:16:29.472+02:00  INFO 97424 --- [ticket-message-service] [main] o.s.i.endpoint.EventDrivenConsumer       : Adding {logging-channel-adapter:_org.springframework.integration.errorLogger} as a subscriber to the 'errorChannel' channel
2025-01-19T03:16:29.473+02:00  INFO 97424 --- [ticket-message-service] [main] o.s.i.channel.PublishSubscribeChannel    : Channel 'ticket-message-service.errorChannel' has 1 subscriber(s).
2025-01-19T03:16:29.474+02:00  INFO 97424 --- [ticket-message-service] [main] o.s.i.endpoint.EventDrivenConsumer       : started bean '_org.springframework.integration.errorLogger'
2025-01-19T03:16:29.475+02:00  INFO 97424 --- [ticket-message-service] [main] o.s.i.endpoint.EventDrivenConsumer       : Adding {object-to-json-transformer} as a subscriber to the 'setStatusFiletWriteChannel' channel
2025-01-19T03:16:29.475+02:00  INFO 97424 --- [ticket-message-service] [main] o.s.integration.channel.DirectChannel    : Channel 'ticket-message-service.setStatusFiletWriteChannel' has 1 subscriber(s).
2025-01-19T03:16:29.475+02:00  INFO 97424 --- [ticket-message-service] [main] o.s.i.endpoint.EventDrivenConsumer       : started bean 'integrationFlow.org.springframework.integration.config.ConsumerEndpointFactoryBean#0'; from source: 'com.another.ticketmessageservice.write.FileWriter.integrationFlow()'
2025-01-19T03:16:29.475+02:00  INFO 97424 --- [ticket-message-service] [main] o.s.i.endpoint.EventDrivenConsumer       : Adding {file:outbound-channel-adapter} as a subscriber to the 'integrationFlow.channel#0' channel
2025-01-19T03:16:29.476+02:00  INFO 97424 --- [ticket-message-service] [main] o.s.integration.channel.DirectChannel    : Channel 'ticket-message-service.integrationFlow.channel#0' has 1 subscriber(s).
2025-01-19T03:16:29.476+02:00  INFO 97424 --- [ticket-message-service] [main] o.s.i.endpoint.EventDrivenConsumer       : started bean 'integrationFlow.org.springframework.integration.config.ConsumerEndpointFactoryBean#1'; from source: 'com.another.ticketmessageservice.write.FileWriter.integrationFlow()'
2025-01-19T03:16:29.480+02:00  INFO 97424 --- [ticket-message-service] [main] o.s.a.r.c.CachingConnectionFactory       : Attempting to connect to: [localhost:5672]
2025-01-19T03:16:29.558+02:00  INFO 97424 --- [ticket-message-service] [main] o.s.a.r.c.CachingConnectionFactory       : Created new connection: rabbitConnectionFactory#1fd7a37:0/SimpleConnection@4a5066f5 [delegate=amqp://root@127.0.0.1:5672/, localPort=44210]
2025-01-19T03:16:29.654+02:00  INFO 97424 --- [ticket-message-service] [main] c.a.t.TicketMessageServiceApplication    : Started TicketMessageServiceApplication in 5.623 seconds (process running for 6.474)
2025-01-19T03:16:47.764+02:00  INFO 97424 --- [ticket-message-service] [org.springframework.amqp.rabbit.RabbitListenerEndpointContainer#0-2] o.s.a.r.l.SimpleMessageListenerContainer : Waiting for workers to finish.
2025-01-19T03:16:47.766+02:00  INFO 97424 --- [ticket-message-service] [org.springframework.amqp.rabbit.RabbitListenerEndpointContainer#1-2] o.s.a.r.l.SimpleMessageListenerContainer : Waiting for workers to finish.
2025-01-19T03:16:47.768+02:00  INFO 97424 --- [ticket-message-service] [org.springframework.amqp.rabbit.RabbitListenerEndpointContainer#2-2] o.s.a.r.l.SimpleMessageListenerContainer : Waiting for workers to finish.
2025-01-19T03:16:47.770+02:00  INFO 97424 --- [ticket-message-service] [org.springframework.amqp.rabbit.RabbitListenerEndpointContainer#3-2] o.s.a.r.l.SimpleMessageListenerContainer : Waiting for workers to finish.
2025-01-19T03:16:48.626+02:00  INFO 97424 --- [ticket-message-service] [org.springframework.amqp.rabbit.RabbitListenerEndpointContainer#0-2] o.s.a.r.l.SimpleMessageListenerContainer : Successfully waited for workers to finish.
2025-01-19T03:16:48.633+02:00  INFO 97424 --- [ticket-message-service] [org.springframework.amqp.rabbit.RabbitListenerEndpointContainer#1-2] o.s.a.r.l.SimpleMessageListenerContainer : Successfully waited for workers to finish.
2025-01-19T03:16:48.638+02:00  INFO 97424 --- [ticket-message-service] [org.springframework.amqp.rabbit.RabbitListenerEndpointContainer#2-2] o.s.a.r.l.SimpleMessageListenerContainer : Successfully waited for workers to finish.
2025-01-19T03:16:48.643+02:00  INFO 97424 --- [ticket-message-service] [org.springframework.amqp.rabbit.RabbitListenerEndpointContainer#3-2] o.s.a.r.l.SimpleMessageListenerContainer : Successfully waited for workers to finish.
2025-01-19T03:16:48.644+02:00  INFO 97424 --- [ticket-message-service] [SpringApplicationShutdownHook] o.s.i.endpoint.EventDrivenConsumer       : Removing {object-to-json-transformer} as a subscriber to the 'setStatusFiletWriteChannel' channel
2025-01-19T03:16:48.644+02:00  INFO 97424 --- [ticket-message-service] [SpringApplicationShutdownHook] o.s.integration.channel.DirectChannel    : Channel 'ticket-message-service.setStatusFiletWriteChannel' has 0 subscriber(s).
2025-01-19T03:16:48.645+02:00  INFO 97424 --- [ticket-message-service] [SpringApplicationShutdownHook] o.s.i.endpoint.EventDrivenConsumer       : stopped bean 'integrationFlow.org.springframework.integration.config.ConsumerEndpointFactoryBean#0'; from source: 'com.another.ticketmessageservice.write.FileWriter.integrationFlow()'
2025-01-19T03:16:48.645+02:00  INFO 97424 --- [ticket-message-service] [SpringApplicationShutdownHook] o.s.i.endpoint.EventDrivenConsumer       : Removing {file:outbound-channel-adapter} as a subscriber to the 'integrationFlow.channel#0' channel
2025-01-19T03:16:48.646+02:00  INFO 97424 --- [ticket-message-service] [SpringApplicationShutdownHook] o.s.integration.channel.DirectChannel    : Channel 'ticket-message-service.integrationFlow.channel#0' has 0 subscriber(s).
2025-01-19T03:16:48.647+02:00  INFO 97424 --- [ticket-message-service] [SpringApplicationShutdownHook] o.s.i.endpoint.EventDrivenConsumer       : stopped bean 'integrationFlow.org.springframework.integration.config.ConsumerEndpointFactoryBean#1'; from source: 'com.another.ticketmessageservice.write.FileWriter.integrationFlow()'
2025-01-19T03:16:48.653+02:00  INFO 97424 --- [ticket-message-service] [SpringApplicationShutdownHook] o.s.i.endpoint.EventDrivenConsumer       : Removing {logging-channel-adapter:_org.springframework.integration.errorLogger} as a subscriber to the 'errorChannel' channel
2025-01-19T03:16:48.653+02:00  INFO 97424 --- [ticket-message-service] [SpringApplicationShutdownHook] o.s.i.channel.PublishSubscribeChannel    : Channel 'ticket-message-service.errorChannel' has 0 subscriber(s).
2025-01-19T03:16:48.653+02:00  INFO 97424 --- [ticket-message-service] [SpringApplicationShutdownHook] o.s.i.endpoint.EventDrivenConsumer       : stopped bean '_org.springframework.integration.errorLogger'
2025-01-19T03:27:05.281+02:00  INFO 100303 --- [ticket-message-service] [main] c.a.t.TicketMessageServiceApplication    : Starting TicketMessageServiceApplication using Java 17.0.13 with PID 100303 (/home/another/Project/developering/ticket-management-system/ticket-message-service/build/classes/java/main started by another in /home/another/Project/developering/ticket-management-system/ticket-message-service)
2025-01-19T03:27:05.285+02:00  INFO 100303 --- [ticket-message-service] [main] c.a.t.TicketMessageServiceApplication    : No active profile set, falling back to 1 default profile: "default"
2025-01-19T03:27:05.992+02:00  INFO 100303 --- [ticket-message-service] [main] .s.d.r.c.RepositoryConfigurationDelegate : Bootstrapping Spring Data MongoDB repositories in DEFAULT mode.
2025-01-19T03:27:06.231+02:00  INFO 100303 --- [ticket-message-service] [main] .s.d.r.c.RepositoryConfigurationDelegate : Finished Spring Data repository scanning in 228 ms. Found 2 MongoDB repository interfaces.
2025-01-19T03:27:06.331+02:00  INFO 100303 --- [ticket-message-service] [main] faultConfiguringBeanFactoryPostProcessor : No bean named 'errorChannel' has been explicitly defined. Therefore, a default PublishSubscribeChannel will be created.
2025-01-19T03:27:06.344+02:00  INFO 100303 --- [ticket-message-service] [main] faultConfiguringBeanFactoryPostProcessor : No bean named 'integrationHeaderChannelRegistry' has been explicitly defined. Therefore, a default DefaultHeaderChannelRegistry will be created.
2025-01-19T03:27:07.796+02:00  INFO 100303 --- [ticket-message-service] [main] org.mongodb.driver.client                : MongoClient with metadata {"driver": {"name": "mongo-java-driver|sync|spring-boot", "version": "5.2.1"}, "os": {"type": "Linux", "name": "Linux", "architecture": "amd64", "version": "6.12.9-arch1-1"}, "platform": "Java/Arch Linux/17.0.13+11"} created with settings MongoClientSettings{readPreference=primary, writeConcern=WriteConcern{w=null, wTimeout=null ms, journal=null}, retryWrites=true, retryReads=true, readConcern=ReadConcern{level=null}, credential=MongoCredential{mechanism=null, userName='app_user', source='ticket_bd', password=<hidden>, mechanismProperties=<hidden>}, transportSettings=null, commandListeners=[], codecRegistry=ProvidersCodecRegistry{codecProviders=[ValueCodecProvider{}, BsonValueCodecProvider{}, DBRefCodecProvider{}, DBObjectCodecProvider{}, DocumentCodecProvider{}, CollectionCodecProvider{}, IterableCodecProvider{}, MapCodecProvider{}, GeoJsonCodecProvider{}, GridFSFileCodecProvider{}, Jsr310CodecProvider{}, JsonObjectCodecProvider{}, BsonCodecProvider{}, EnumCodecProvider{}, com.mongodb.client.model.mql.ExpressionCodecProvider@4a2bf50f, com.mongodb.Jep395RecordCodecProvider@350323a0, com.mongodb.KotlinCodecProvider@2506b881]}, loggerSettings=LoggerSettings{maxDocumentLength=1000}, clusterSettings={hosts=[localhost:27017], srvServiceName=mongodb, mode=SINGLE, requiredClusterType=UNKNOWN, requiredReplicaSetName='null', serverSelector='null', clusterListeners='[]', serverSelectionTimeout='30000 ms', localThreshold='15 ms'}, socketSettings=SocketSettings{connectTimeoutMS=10000, readTimeoutMS=0, receiveBufferSize=0, proxySettings=ProxySettings{host=null, port=null, username=null, password=null}}, heartbeatSocketSettings=SocketSettings{connectTimeoutMS=10000, readTimeoutMS=10000, receiveBufferSize=0, proxySettings=ProxySettings{host=null, port=null, username=null, password=null}}, connectionPoolSettings=ConnectionPoolSettings{maxSize=100, minSize=0, maxWaitTimeMS=120000, maxConnectionLifeTimeMS=0, maxConnectionIdleTimeMS=0, maintenanceInitialDelayMS=0, maintenanceFrequencyMS=60000, connectionPoolListeners=[], maxConnecting=2}, serverSettings=ServerSettings{heartbeatFrequencyMS=10000, minHeartbeatFrequencyMS=500, serverMonitoringMode=AUTO, serverListeners='[]', serverMonitorListeners='[]'}, sslSettings=SslSettings{enabled=false, invalidHostNameAllowed=false, context=null}, applicationName='null', compressorList=[], uuidRepresentation=JAVA_LEGACY, serverApi=null, autoEncryptionSettings=null, dnsClient=null, inetAddressResolver=null, contextProvider=null, timeoutMS=null}
2025-01-19T03:27:07.812+02:00  INFO 100303 --- [ticket-message-service] [cluster-ClusterId{value='678c54eba832327c00a945e8', description='null'}-localhost:27017] org.mongodb.driver.cluster               : Monitor thread successfully connected to server with description ServerDescription{address=localhost:27017, type=STANDALONE, cryptd=false, state=CONNECTED, ok=true, minWireVersion=0, maxWireVersion=25, maxDocumentSize=16777216, logicalSessionTimeoutMinutes=30, roundTripTimeNanos=26918292, minRoundTripTimeNanos=0}
2025-01-19T03:27:08.191+02:00  INFO 100303 --- [ticket-message-service] [main] m.c.i.MongoPersistentEntityIndexResolver : Found cycle for field '_id' in type 'Users' for path 'users -> task -> users'
2025-01-19T03:27:08.192+02:00  INFO 100303 --- [ticket-message-service] [main] m.c.i.MongoPersistentEntityIndexResolver : Found cycle for field '_id' in type 'Task' for path 'task -> workUser -> task'
2025-01-19T03:27:08.193+02:00  INFO 100303 --- [ticket-message-service] [main] m.c.i.MongoPersistentEntityIndexResolver : Found cycle for field '_id' in type 'Task' for path 'task -> users -> task'
2025-01-19T03:27:08.193+02:00  INFO 100303 --- [ticket-message-service] [main] m.c.i.MongoPersistentEntityIndexResolver : Found cycle for field '_id' in type 'Users' for path 'workUser -> task -> workUser'
2025-01-19T03:27:08.197+02:00  INFO 100303 --- [ticket-message-service] [main] m.c.i.MongoPersistentEntityIndexResolver : Found cycle for field 'users' in type 'Task' for path 'users -> task -> users'
2025-01-19T03:27:08.198+02:00  INFO 100303 --- [ticket-message-service] [main] m.c.i.MongoPersistentEntityIndexResolver : Found cycle for field 'task' in type 'Users' for path 'task -> users -> task'
2025-01-19T03:27:08.199+02:00  INFO 100303 --- [ticket-message-service] [main] m.c.i.MongoPersistentEntityIndexResolver : Found cycle for field 'workUser' in type 'Task' for path 'workUser -> task -> workUser'
2025-01-19T03:27:09.413+02:00  INFO 100303 --- [ticket-message-service] [main] o.s.i.endpoint.EventDrivenConsumer       : Adding {logging-channel-adapter:_org.springframework.integration.errorLogger} as a subscriber to the 'errorChannel' channel
2025-01-19T03:27:09.414+02:00  INFO 100303 --- [ticket-message-service] [main] o.s.i.channel.PublishSubscribeChannel    : Channel 'ticket-message-service.errorChannel' has 1 subscriber(s).
2025-01-19T03:27:09.415+02:00  INFO 100303 --- [ticket-message-service] [main] o.s.i.endpoint.EventDrivenConsumer       : started bean '_org.springframework.integration.errorLogger'
2025-01-19T03:27:09.416+02:00  INFO 100303 --- [ticket-message-service] [main] o.s.i.endpoint.EventDrivenConsumer       : Adding {object-to-json-transformer} as a subscriber to the 'setStatusFiletWriteChannel' channel
2025-01-19T03:27:09.416+02:00  INFO 100303 --- [ticket-message-service] [main] o.s.integration.channel.DirectChannel    : Channel 'ticket-message-service.setStatusFiletWriteChannel' has 1 subscriber(s).
2025-01-19T03:27:09.417+02:00  INFO 100303 --- [ticket-message-service] [main] o.s.i.endpoint.EventDrivenConsumer       : started bean 'integrationFlow.org.springframework.integration.config.ConsumerEndpointFactoryBean#0'; from source: 'com.another.ticketmessageservice.write.FileWriter.integrationFlow()'
2025-01-19T03:27:09.417+02:00  INFO 100303 --- [ticket-message-service] [main] o.s.i.endpoint.EventDrivenConsumer       : Adding {file:outbound-channel-adapter} as a subscriber to the 'integrationFlow.channel#0' channel
2025-01-19T03:27:09.417+02:00  INFO 100303 --- [ticket-message-service] [main] o.s.integration.channel.DirectChannel    : Channel 'ticket-message-service.integrationFlow.channel#0' has 1 subscriber(s).
2025-01-19T03:27:09.417+02:00  INFO 100303 --- [ticket-message-service] [main] o.s.i.endpoint.EventDrivenConsumer       : started bean 'integrationFlow.org.springframework.integration.config.ConsumerEndpointFactoryBean#1'; from source: 'com.another.ticketmessageservice.write.FileWriter.integrationFlow()'
2025-01-19T03:27:09.421+02:00  INFO 100303 --- [ticket-message-service] [main] o.s.a.r.c.CachingConnectionFactory       : Attempting to connect to: [localhost:5672]
2025-01-19T03:27:09.500+02:00  INFO 100303 --- [ticket-message-service] [main] o.s.a.r.c.CachingConnectionFactory       : Created new connection: rabbitConnectionFactory#1039bfc4:0/SimpleConnection@55f6f965 [delegate=amqp://root@127.0.0.1:5672/, localPort=54156]
2025-01-19T03:27:09.585+02:00  INFO 100303 --- [ticket-message-service] [main] c.a.t.TicketMessageServiceApplication    : Started TicketMessageServiceApplication in 5.049 seconds (process running for 5.896)
2025-01-19T03:27:26.888+02:00  INFO 100303 --- [ticket-message-service] [org.springframework.amqp.rabbit.RabbitListenerEndpointContainer#0-2] o.s.a.r.l.SimpleMessageListenerContainer : Waiting for workers to finish.
2025-01-19T03:27:26.890+02:00  INFO 100303 --- [ticket-message-service] [org.springframework.amqp.rabbit.RabbitListenerEndpointContainer#1-2] o.s.a.r.l.SimpleMessageListenerContainer : Waiting for workers to finish.
2025-01-19T03:27:26.891+02:00  INFO 100303 --- [ticket-message-service] [org.springframework.amqp.rabbit.RabbitListenerEndpointContainer#2-2] o.s.a.r.l.SimpleMessageListenerContainer : Waiting for workers to finish.
2025-01-19T03:27:26.893+02:00  INFO 100303 --- [ticket-message-service] [org.springframework.amqp.rabbit.RabbitListenerEndpointContainer#3-2] o.s.a.r.l.SimpleMessageListenerContainer : Waiting for workers to finish.
2025-01-19T03:27:27.560+02:00  INFO 100303 --- [ticket-message-service] [org.springframework.amqp.rabbit.RabbitListenerEndpointContainer#0-2] o.s.a.r.l.SimpleMessageListenerContainer : Successfully waited for workers to finish.
2025-01-19T03:27:27.565+02:00  INFO 100303 --- [ticket-message-service] [org.springframework.amqp.rabbit.RabbitListenerEndpointContainer#1-2] o.s.a.r.l.SimpleMessageListenerContainer : Successfully waited for workers to finish.
2025-01-19T03:27:27.571+02:00  INFO 100303 --- [ticket-message-service] [org.springframework.amqp.rabbit.RabbitListenerEndpointContainer#2-2] o.s.a.r.l.SimpleMessageListenerContainer : Successfully waited for workers to finish.
2025-01-19T03:27:27.576+02:00  INFO 100303 --- [ticket-message-service] [org.springframework.amqp.rabbit.RabbitListenerEndpointContainer#3-2] o.s.a.r.l.SimpleMessageListenerContainer : Successfully waited for workers to finish.
2025-01-19T03:27:27.577+02:00  INFO 100303 --- [ticket-message-service] [SpringApplicationShutdownHook] o.s.i.endpoint.EventDrivenConsumer       : Removing {object-to-json-transformer} as a subscriber to the 'setStatusFiletWriteChannel' channel
2025-01-19T03:27:27.577+02:00  INFO 100303 --- [ticket-message-service] [SpringApplicationShutdownHook] o.s.integration.channel.DirectChannel    : Channel 'ticket-message-service.setStatusFiletWriteChannel' has 0 subscriber(s).
2025-01-19T03:27:27.578+02:00  INFO 100303 --- [ticket-message-service] [SpringApplicationShutdownHook] o.s.i.endpoint.EventDrivenConsumer       : stopped bean 'integrationFlow.org.springframework.integration.config.ConsumerEndpointFactoryBean#0'; from source: 'com.another.ticketmessageservice.write.FileWriter.integrationFlow()'
2025-01-19T03:27:27.579+02:00  INFO 100303 --- [ticket-message-service] [SpringApplicationShutdownHook] o.s.i.endpoint.EventDrivenConsumer       : Removing {file:outbound-channel-adapter} as a subscriber to the 'integrationFlow.channel#0' channel
2025-01-19T03:27:27.579+02:00  INFO 100303 --- [ticket-message-service] [SpringApplicationShutdownHook] o.s.integration.channel.DirectChannel    : Channel 'ticket-message-service.integrationFlow.channel#0' has 0 subscriber(s).
2025-01-19T03:27:27.580+02:00  INFO 100303 --- [ticket-message-service] [SpringApplicationShutdownHook] o.s.i.endpoint.EventDrivenConsumer       : stopped bean 'integrationFlow.org.springframework.integration.config.ConsumerEndpointFactoryBean#1'; from source: 'com.another.ticketmessageservice.write.FileWriter.integrationFlow()'
2025-01-19T03:27:27.586+02:00  INFO 100303 --- [ticket-message-service] [SpringApplicationShutdownHook] o.s.i.endpoint.EventDrivenConsumer       : Removing {logging-channel-adapter:_org.springframework.integration.errorLogger} as a subscriber to the 'errorChannel' channel
2025-01-19T03:27:27.587+02:00  INFO 100303 --- [ticket-message-service] [SpringApplicationShutdownHook] o.s.i.channel.PublishSubscribeChannel    : Channel 'ticket-message-service.errorChannel' has 0 subscriber(s).
2025-01-19T03:27:27.587+02:00  INFO 100303 --- [ticket-message-service] [SpringApplicationShutdownHook] o.s.i.endpoint.EventDrivenConsumer       : stopped bean '_org.springframework.integration.errorLogger'
