2025-01-07T08:14:09.259+02:00  INFO 56328 --- [report-service] [restartedMain] c.a.r.ReportServiceApplication           : Starting ReportServiceApplication using Java 17.0.13 with PID 56328 (/home/another/dev/developering/ticket-management-system/report-service/build/classes/java/main started by another in /home/another/dev/developering/ticket-management-system/report-service)
2025-01-07T08:14:09.267+02:00  INFO 56328 --- [report-service] [restartedMain] c.a.r.ReportServiceApplication           : No active profile set, falling back to 1 default profile: "default"
2025-01-07T08:14:13.431+02:00  INFO 56328 --- [report-service] [restartedMain] o.apache.catalina.core.StandardService   : Starting service [Tomcat]
2025-01-07T08:14:13.432+02:00  INFO 56328 --- [report-service] [restartedMain] o.apache.catalina.core.StandardEngine    : Starting Servlet engine: [Apache Tomcat/10.1.34]
2025-01-07T08:14:13.520+02:00  INFO 56328 --- [report-service] [restartedMain] o.a.c.c.C.[Tomcat].[localhost].[/]       : Initializing Spring embedded WebApplicationContext
2025-01-07T08:14:14.201+02:00  INFO 56328 --- [report-service] [restartedMain] com.zaxxer.hikari.HikariDataSource       : HikariPool-1 - Starting...
2025-01-07T08:14:14.510+02:00  INFO 56328 --- [report-service] [restartedMain] com.zaxxer.hikari.pool.HikariPool        : HikariPool-1 - Added connection org.postgresql.jdbc.PgConnection@25920282
2025-01-07T08:14:14.513+02:00  INFO 56328 --- [report-service] [restartedMain] com.zaxxer.hikari.HikariDataSource       : HikariPool-1 - Start completed.
2025-01-07T08:14:14.611+02:00  INFO 56328 --- [report-service] [restartedMain] o.hibernate.jpa.internal.util.LogHelper  : HHH000204: Processing PersistenceUnitInfo [name: default]
2025-01-07T08:14:14.764+02:00  INFO 56328 --- [report-service] [restartedMain] org.hibernate.Version                    : HHH000412: Hibernate ORM core version 6.6.4.Final
2025-01-07T08:14:14.850+02:00  INFO 56328 --- [report-service] [restartedMain] o.h.c.internal.RegionFactoryInitiator    : HHH000026: Second-level cache disabled
2025-01-07T08:14:15.867+02:00  INFO 56328 --- [report-service] [restartedMain] org.hibernate.orm.connections.pooling    : HHH10001005: Database info:
	Database JDBC URL [Connecting through datasource 'HikariDataSource (HikariPool-1)']
	Database driver: undefined/unknown
	Database version: 17.2
	Autocommit mode: undefined/unknown
	Isolation level: undefined/unknown
	Minimum pool size: undefined/unknown
	Maximum pool size: undefined/unknown
2025-01-07T08:14:17.770+02:00  INFO 56328 --- [report-service] [restartedMain] o.h.e.t.j.p.i.JtaPlatformInitiator       : HHH000489: No JTA platform available (set 'hibernate.transaction.jta.platform' to enable JTA platform integration)
2025-01-07T08:14:21.629+02:00  INFO 56328 --- [report-service] [restartedMain] com.netflix.discovery.DiscoveryClient    : Initializing Eureka in region us-east-1
2025-01-07T08:14:21.636+02:00  INFO 56328 --- [report-service] [restartedMain] c.n.d.s.r.aws.ConfigClusterResolver      : Resolving eureka endpoints via configuration
2025-01-07T08:14:21.649+02:00  INFO 56328 --- [report-service] [restartedMain] com.netflix.discovery.DiscoveryClient    : Disable delta property : false
2025-01-07T08:14:21.650+02:00  INFO 56328 --- [report-service] [restartedMain] com.netflix.discovery.DiscoveryClient    : Single vip registry refresh property : null
2025-01-07T08:14:21.650+02:00  INFO 56328 --- [report-service] [restartedMain] com.netflix.discovery.DiscoveryClient    : Force full registry fetch : false
2025-01-07T08:14:21.650+02:00  INFO 56328 --- [report-service] [restartedMain] com.netflix.discovery.DiscoveryClient    : Application is null : false
2025-01-07T08:14:21.650+02:00  INFO 56328 --- [report-service] [restartedMain] com.netflix.discovery.DiscoveryClient    : Registered Applications size is zero : true
2025-01-07T08:14:21.651+02:00  INFO 56328 --- [report-service] [restartedMain] com.netflix.discovery.DiscoveryClient    : Application version is -1: true
2025-01-07T08:14:21.651+02:00  INFO 56328 --- [report-service] [restartedMain] com.netflix.discovery.DiscoveryClient    : Getting all instance registry info from the eureka server
2025-01-07T08:14:22.458+02:00  INFO 56328 --- [report-service] [restartedMain] com.netflix.discovery.DiscoveryClient    : The response status is 200
2025-01-07T08:14:22.460+02:00  INFO 56328 --- [report-service] [restartedMain] com.netflix.discovery.DiscoveryClient    : Starting heartbeat executor: renew interval is: 30
2025-01-07T08:14:22.463+02:00  INFO 56328 --- [report-service] [restartedMain] c.n.discovery.InstanceInfoReplicator     : InstanceInfoReplicator onDemand update allowed rate per min is 4
2025-01-07T08:14:22.466+02:00  INFO 56328 --- [report-service] [restartedMain] com.netflix.discovery.DiscoveryClient    : Discovery Client initialized at timestamp 1736230462464 with initial instances count: 0
2025-01-07T08:14:22.484+02:00  INFO 56328 --- [report-service] [restartedMain] com.netflix.discovery.DiscoveryClient    : Saw local status change event StatusChangeEvent [timestamp=1736230462483, current=UP, previous=STARTING]
2025-01-07T08:14:22.486+02:00  INFO 56328 --- [report-service] [DiscoveryClient-InstanceInfoReplicator-%d] com.netflix.discovery.DiscoveryClient    : DiscoveryClient_REPORT-SERVICE/anotherPc:report-service:9393: registering service...
2025-01-07T08:14:22.594+02:00  INFO 56328 --- [report-service] [restartedMain] c.a.r.ReportServiceApplication           : Started ReportServiceApplication in 14.068 seconds (process running for 15.53)
2025-01-07T08:14:22.666+02:00  INFO 56328 --- [report-service] [DiscoveryClient-InstanceInfoReplicator-%d] com.netflix.discovery.DiscoveryClient    : DiscoveryClient_REPORT-SERVICE/anotherPc:report-service:9393 - registration status: 204
2025-01-07T08:14:23.102+02:00  INFO 56328 --- [report-service] [RMI TCP Connection(1)-192.168.0.103] o.a.c.c.C.[Tomcat].[localhost].[/]       : Initializing Spring DispatcherServlet 'dispatcherServlet'
2025-01-07T08:14:37.291+02:00  INFO 56328 --- [report-service] [SpringApplicationShutdownHook] com.netflix.discovery.DiscoveryClient    : Saw local status change event StatusChangeEvent [timestamp=1736230477291, current=DOWN, previous=UP]
2025-01-07T08:14:37.292+02:00  INFO 56328 --- [report-service] [DiscoveryClient-InstanceInfoReplicator-%d] com.netflix.discovery.DiscoveryClient    : DiscoveryClient_REPORT-SERVICE/anotherPc:report-service:9393: registering service...
2025-01-07T08:14:37.306+02:00  INFO 56328 --- [report-service] [DiscoveryClient-InstanceInfoReplicator-%d] c.n.d.s.t.d.RedirectingEurekaHttpClient  : Request execution error. endpoint=DefaultEndpoint{ serviceUrl='http://localhost:8761/eureka/} exception=I/O error on POST request for "http://localhost:8761/eureka/apps/REPORT-SERVICE": Connect to http://localhost:8761 [localhost/127.0.0.1, localhost/0:0:0:0:0:0:0:1] failed: В соединении отказано stacktrace=org.springframework.web.client.ResourceAccessException: I/O error on POST request for "http://localhost:8761/eureka/apps/REPORT-SERVICE": Connect to http://localhost:8761 [localhost/127.0.0.1, localhost/0:0:0:0:0:0:0:1] failed: В соединении отказано
	at org.springframework.web.client.RestTemplate.createResourceAccessException(RestTemplate.java:926)
	at org.springframework.web.client.RestTemplate.doExecute(RestTemplate.java:906)
	at org.springframework.web.client.RestTemplate.execute(RestTemplate.java:841)
	at org.springframework.web.client.RestTemplate.exchange(RestTemplate.java:702)
	at org.springframework.cloud.netflix.eureka.http.RestTemplateEurekaHttpClient.register(RestTemplateEurekaHttpClient.java:87)
	at com.netflix.discovery.shared.transport.decorator.EurekaHttpClientDecorator$1.execute(EurekaHttpClientDecorator.java:59)
	at com.netflix.discovery.shared.transport.decorator.RedirectingEurekaHttpClient.execute(RedirectingEurekaHttpClient.java:91)
	at com.netflix.discovery.shared.transport.decorator.EurekaHttpClientDecorator.register(EurekaHttpClientDecorator.java:56)
	at com.netflix.discovery.shared.transport.decorator.EurekaHttpClientDecorator$1.execute(EurekaHttpClientDecorator.java:59)
	at com.netflix.discovery.shared.transport.decorator.RetryableEurekaHttpClient.execute(RetryableEurekaHttpClient.java:120)
	at com.netflix.discovery.shared.transport.decorator.EurekaHttpClientDecorator.register(EurekaHttpClientDecorator.java:56)
	at com.netflix.discovery.shared.transport.decorator.EurekaHttpClientDecorator$1.execute(EurekaHttpClientDecorator.java:59)
	at com.netflix.discovery.shared.transport.decorator.SessionedEurekaHttpClient.execute(SessionedEurekaHttpClient.java:76)
	at com.netflix.discovery.shared.transport.decorator.EurekaHttpClientDecorator.register(EurekaHttpClientDecorator.java:56)
	at com.netflix.discovery.DiscoveryClient.register(DiscoveryClient.java:828)
	at com.netflix.discovery.InstanceInfoReplicator.run(InstanceInfoReplicator.java:125)
	at com.netflix.discovery.InstanceInfoReplicator$2.run(InstanceInfoReplicator.java:105)
	at java.base/java.util.concurrent.Executors$RunnableAdapter.call(Executors.java:539)
	at java.base/java.util.concurrent.FutureTask.run(FutureTask.java:264)
	at java.base/java.util.concurrent.ScheduledThreadPoolExecutor$ScheduledFutureTask.run(ScheduledThreadPoolExecutor.java:304)
	at java.base/java.util.concurrent.ThreadPoolExecutor.runWorker(ThreadPoolExecutor.java:1136)
	at java.base/java.util.concurrent.ThreadPoolExecutor$Worker.run(ThreadPoolExecutor.java:635)
	at java.base/java.lang.Thread.run(Thread.java:840)
Caused by: org.apache.hc.client5.http.HttpHostConnectException: Connect to http://localhost:8761 [localhost/127.0.0.1, localhost/0:0:0:0:0:0:0:1] failed: В соединении отказано
	at java.base/sun.nio.ch.Net.pollConnect(Native Method)
	at java.base/sun.nio.ch.Net.pollConnectNow(Net.java:672)
	at java.base/sun.nio.ch.NioSocketImpl.timedFinishConnect(NioSocketImpl.java:547)
	at java.base/sun.nio.ch.NioSocketImpl.connect(NioSocketImpl.java:602)
	at java.base/java.net.SocksSocketImpl.connect(SocksSocketImpl.java:327)
	at java.base/java.net.Socket.connect(Socket.java:633)
	at org.apache.hc.client5.http.impl.io.DefaultHttpClientConnectionOperator.connect(DefaultHttpClientConnectionOperator.java:216)
	at org.apache.hc.client5.http.impl.io.PoolingHttpClientConnectionManager.connect(PoolingHttpClientConnectionManager.java:490)
	at org.apache.hc.client5.http.impl.classic.InternalExecRuntime.connectEndpoint(InternalExecRuntime.java:164)
	at org.apache.hc.client5.http.impl.classic.InternalExecRuntime.connectEndpoint(InternalExecRuntime.java:174)
	at org.apache.hc.client5.http.impl.classic.ConnectExec.execute(ConnectExec.java:144)
	at org.apache.hc.client5.http.impl.classic.ExecChainElement.execute(ExecChainElement.java:51)
	at org.apache.hc.client5.http.impl.classic.ProtocolExec.execute(ProtocolExec.java:192)
	at org.apache.hc.client5.http.impl.classic.ExecChainElement.execute(ExecChainElement.java:51)
	at org.apache.hc.client5.http.impl.classic.ContentCompressionExec.execute(ContentCompressionExec.java:150)
	at org.apache.hc.client5.http.impl.classic.ExecChainElement.execute(ExecChainElement.java:51)
	at org.apache.hc.client5.http.impl.classic.HttpRequestRetryExec.execute(HttpRequestRetryExec.java:113)
	at org.apache.hc.client5.http.impl.classic.ExecChainElement.execute(ExecChainElement.java:51)
	at org.apache.hc.client5.http.impl.classic.RedirectExec.execute(RedirectExec.java:110)
	at org.apache.hc.client5.http.impl.classic.ExecChainElement.execute(ExecChainElement.java:51)
	at org.apache.hc.client5.http.impl.classic.InternalHttpClient.doExecute(InternalHttpClient.java:174)
	at org.apache.hc.client5.http.impl.classic.CloseableHttpClient.execute(CloseableHttpClient.java:87)
	at org.apache.hc.client5.http.impl.classic.CloseableHttpClient.execute(CloseableHttpClient.java:55)
	at org.apache.hc.client5.http.classic.HttpClient.executeOpen(HttpClient.java:183)
	at org.springframework.http.client.HttpComponentsClientHttpRequest.executeInternal(HttpComponentsClientHttpRequest.java:99)
	at org.springframework.http.client.AbstractStreamingClientHttpRequest.executeInternal(AbstractStreamingClientHttpRequest.java:71)
	at org.springframework.http.client.AbstractClientHttpRequest.execute(AbstractClientHttpRequest.java:81)
	at org.springframework.http.client.InterceptingClientHttpRequest$InterceptingRequestExecution.execute(InterceptingClientHttpRequest.java:117)
	at org.springframework.cloud.netflix.eureka.http.RestTemplateTransportClientFactory.lambda$restTemplate$3(RestTemplateTransportClientFactory.java:141)
	at org.springframework.http.client.InterceptingClientHttpRequest$InterceptingRequestExecution.execute(InterceptingClientHttpRequest.java:88)
	at org.springframework.http.client.InterceptingClientHttpRequest.executeInternal(InterceptingClientHttpRequest.java:72)
	at org.springframework.http.client.AbstractBufferingClientHttpRequest.executeInternal(AbstractBufferingClientHttpRequest.java:48)
	at org.springframework.http.client.AbstractClientHttpRequest.execute(AbstractClientHttpRequest.java:81)
	at org.springframework.web.client.RestTemplate.doExecute(RestTemplate.java:900)
	... 21 more

2025-01-07T08:14:37.308+02:00  WARN 56328 --- [report-service] [DiscoveryClient-InstanceInfoReplicator-%d] c.n.d.s.t.d.RetryableEurekaHttpClient    : Request execution failed with message: I/O error on POST request for "http://localhost:8761/eureka/apps/REPORT-SERVICE": Connect to http://localhost:8761 [localhost/127.0.0.1, localhost/0:0:0:0:0:0:0:1] failed: В соединении отказано
2025-01-07T08:14:37.326+02:00  INFO 56328 --- [report-service] [DiscoveryClient-InstanceInfoReplicator-%d] c.n.d.s.t.d.RedirectingEurekaHttpClient  : Request execution error. endpoint=DefaultEndpoint{ serviceUrl='http://localhost:8761/eureka/}, exception=I/O error on POST request for "http://localhost:8761/eureka/apps/REPORT-SERVICE": Connect to http://localhost:8761 [localhost/127.0.0.1, localhost/0:0:0:0:0:0:0:1] failed: В соединении отказано stacktrace=org.springframework.web.client.ResourceAccessException: I/O error on POST request for "http://localhost:8761/eureka/apps/REPORT-SERVICE": Connect to http://localhost:8761 [localhost/127.0.0.1, localhost/0:0:0:0:0:0:0:1] failed: В соединении отказано
	at org.springframework.web.client.RestTemplate.createResourceAccessException(RestTemplate.java:926)
	at org.springframework.web.client.RestTemplate.doExecute(RestTemplate.java:906)
	at org.springframework.web.client.RestTemplate.execute(RestTemplate.java:841)
	at org.springframework.web.client.RestTemplate.exchange(RestTemplate.java:702)
	at org.springframework.cloud.netflix.eureka.http.RestTemplateEurekaHttpClient.register(RestTemplateEurekaHttpClient.java:87)
	at com.netflix.discovery.shared.transport.decorator.EurekaHttpClientDecorator$1.execute(EurekaHttpClientDecorator.java:59)
	at com.netflix.discovery.shared.transport.decorator.RedirectingEurekaHttpClient.executeOnNewServer(RedirectingEurekaHttpClient.java:121)
	at com.netflix.discovery.shared.transport.decorator.RedirectingEurekaHttpClient.execute(RedirectingEurekaHttpClient.java:80)
	at com.netflix.discovery.shared.transport.decorator.EurekaHttpClientDecorator.register(EurekaHttpClientDecorator.java:56)
	at com.netflix.discovery.shared.transport.decorator.EurekaHttpClientDecorator$1.execute(EurekaHttpClientDecorator.java:59)
	at com.netflix.discovery.shared.transport.decorator.RetryableEurekaHttpClient.execute(RetryableEurekaHttpClient.java:120)
	at com.netflix.discovery.shared.transport.decorator.EurekaHttpClientDecorator.register(EurekaHttpClientDecorator.java:56)
	at com.netflix.discovery.shared.transport.decorator.EurekaHttpClientDecorator$1.execute(EurekaHttpClientDecorator.java:59)
	at com.netflix.discovery.shared.transport.decorator.SessionedEurekaHttpClient.execute(SessionedEurekaHttpClient.java:76)
	at com.netflix.discovery.shared.transport.decorator.EurekaHttpClientDecorator.register(EurekaHttpClientDecorator.java:56)
	at com.netflix.discovery.DiscoveryClient.register(DiscoveryClient.java:828)
	at com.netflix.discovery.InstanceInfoReplicator.run(InstanceInfoReplicator.java:125)
	at com.netflix.discovery.InstanceInfoReplicator$2.run(InstanceInfoReplicator.java:105)
	at java.base/java.util.concurrent.Executors$RunnableAdapter.call(Executors.java:539)
	at java.base/java.util.concurrent.FutureTask.run(FutureTask.java:264)
	at java.base/java.util.concurrent.ScheduledThreadPoolExecutor$ScheduledFutureTask.run(ScheduledThreadPoolExecutor.java:304)
	at java.base/java.util.concurrent.ThreadPoolExecutor.runWorker(ThreadPoolExecutor.java:1136)
	at java.base/java.util.concurrent.ThreadPoolExecutor$Worker.run(ThreadPoolExecutor.java:635)
	at java.base/java.lang.Thread.run(Thread.java:840)
Caused by: org.apache.hc.client5.http.HttpHostConnectException: Connect to http://localhost:8761 [localhost/127.0.0.1, localhost/0:0:0:0:0:0:0:1] failed: В соединении отказано
	at java.base/sun.nio.ch.Net.pollConnect(Native Method)
	at java.base/sun.nio.ch.Net.pollConnectNow(Net.java:672)
	at java.base/sun.nio.ch.NioSocketImpl.timedFinishConnect(NioSocketImpl.java:547)
	at java.base/sun.nio.ch.NioSocketImpl.connect(NioSocketImpl.java:602)
	at java.base/java.net.SocksSocketImpl.connect(SocksSocketImpl.java:327)
	at java.base/java.net.Socket.connect(Socket.java:633)
	at org.apache.hc.client5.http.impl.io.DefaultHttpClientConnectionOperator.connect(DefaultHttpClientConnectionOperator.java:216)
	at org.apache.hc.client5.http.impl.io.PoolingHttpClientConnectionManager.connect(PoolingHttpClientConnectionManager.java:490)
	at org.apache.hc.client5.http.impl.classic.InternalExecRuntime.connectEndpoint(InternalExecRuntime.java:164)
	at org.apache.hc.client5.http.impl.classic.InternalExecRuntime.connectEndpoint(InternalExecRuntime.java:174)
	at org.apache.hc.client5.http.impl.classic.ConnectExec.execute(ConnectExec.java:144)
	at org.apache.hc.client5.http.impl.classic.ExecChainElement.execute(ExecChainElement.java:51)
	at org.apache.hc.client5.http.impl.classic.ProtocolExec.execute(ProtocolExec.java:192)
	at org.apache.hc.client5.http.impl.classic.ExecChainElement.execute(ExecChainElement.java:51)
	at org.apache.hc.client5.http.impl.classic.ContentCompressionExec.execute(ContentCompressionExec.java:150)
	at org.apache.hc.client5.http.impl.classic.ExecChainElement.execute(ExecChainElement.java:51)
	at org.apache.hc.client5.http.impl.classic.HttpRequestRetryExec.execute(HttpRequestRetryExec.java:113)
	at org.apache.hc.client5.http.impl.classic.ExecChainElement.execute(ExecChainElement.java:51)
	at org.apache.hc.client5.http.impl.classic.RedirectExec.execute(RedirectExec.java:110)
	at org.apache.hc.client5.http.impl.classic.ExecChainElement.execute(ExecChainElement.java:51)
	at org.apache.hc.client5.http.impl.classic.InternalHttpClient.doExecute(InternalHttpClient.java:174)
	at org.apache.hc.client5.http.impl.classic.CloseableHttpClient.execute(CloseableHttpClient.java:87)
	at org.apache.hc.client5.http.impl.classic.CloseableHttpClient.execute(CloseableHttpClient.java:55)
	at org.apache.hc.client5.http.classic.HttpClient.executeOpen(HttpClient.java:183)
	at org.springframework.http.client.HttpComponentsClientHttpRequest.executeInternal(HttpComponentsClientHttpRequest.java:99)
	at org.springframework.http.client.AbstractStreamingClientHttpRequest.executeInternal(AbstractStreamingClientHttpRequest.java:71)
	at org.springframework.http.client.AbstractClientHttpRequest.execute(AbstractClientHttpRequest.java:81)
	at org.springframework.http.client.InterceptingClientHttpRequest$InterceptingRequestExecution.execute(InterceptingClientHttpRequest.java:117)
	at org.springframework.cloud.netflix.eureka.http.RestTemplateTransportClientFactory.lambda$restTemplate$3(RestTemplateTransportClientFactory.java:141)
	at org.springframework.http.client.InterceptingClientHttpRequest$InterceptingRequestExecution.execute(InterceptingClientHttpRequest.java:88)
	at org.springframework.http.client.InterceptingClientHttpRequest.executeInternal(InterceptingClientHttpRequest.java:72)
	at org.springframework.http.client.AbstractBufferingClientHttpRequest.executeInternal(AbstractBufferingClientHttpRequest.java:48)
	at org.springframework.http.client.AbstractClientHttpRequest.execute(AbstractClientHttpRequest.java:81)
	at org.springframework.web.client.RestTemplate.doExecute(RestTemplate.java:900)
	... 22 more

2025-01-07T08:14:37.328+02:00  WARN 56328 --- [report-service] [DiscoveryClient-InstanceInfoReplicator-%d] c.n.d.s.t.d.RetryableEurekaHttpClient    : Request execution failed with message: I/O error on POST request for "http://localhost:8761/eureka/apps/REPORT-SERVICE": Connect to http://localhost:8761 [localhost/127.0.0.1, localhost/0:0:0:0:0:0:0:1] failed: В соединении отказано
2025-01-07T08:14:37.329+02:00  WARN 56328 --- [report-service] [DiscoveryClient-InstanceInfoReplicator-%d] com.netflix.discovery.DiscoveryClient    : DiscoveryClient_REPORT-SERVICE/anotherPc:report-service:9393 - registration failed Cannot execute request on any known server

com.netflix.discovery.shared.transport.TransportException: Cannot execute request on any known server
	at com.netflix.discovery.shared.transport.decorator.RetryableEurekaHttpClient.execute(RetryableEurekaHttpClient.java:112) ~[eureka-client-2.0.4.jar:2.0.4]
	at com.netflix.discovery.shared.transport.decorator.EurekaHttpClientDecorator.register(EurekaHttpClientDecorator.java:56) ~[eureka-client-2.0.4.jar:2.0.4]
	at com.netflix.discovery.shared.transport.decorator.EurekaHttpClientDecorator$1.execute(EurekaHttpClientDecorator.java:59) ~[eureka-client-2.0.4.jar:2.0.4]
	at com.netflix.discovery.shared.transport.decorator.SessionedEurekaHttpClient.execute(SessionedEurekaHttpClient.java:76) ~[eureka-client-2.0.4.jar:2.0.4]
	at com.netflix.discovery.shared.transport.decorator.EurekaHttpClientDecorator.register(EurekaHttpClientDecorator.java:56) ~[eureka-client-2.0.4.jar:2.0.4]
	at com.netflix.discovery.DiscoveryClient.register(DiscoveryClient.java:828) ~[eureka-client-2.0.4.jar:2.0.4]
	at com.netflix.discovery.InstanceInfoReplicator.run(InstanceInfoReplicator.java:125) ~[eureka-client-2.0.4.jar:2.0.4]
	at com.netflix.discovery.InstanceInfoReplicator$2.run(InstanceInfoReplicator.java:105) ~[eureka-client-2.0.4.jar:2.0.4]
	at java.base/java.util.concurrent.Executors$RunnableAdapter.call(Executors.java:539) ~[na:na]
	at java.base/java.util.concurrent.FutureTask.run(FutureTask.java:264) ~[na:na]
	at java.base/java.util.concurrent.ScheduledThreadPoolExecutor$ScheduledFutureTask.run(ScheduledThreadPoolExecutor.java:304) ~[na:na]
	at java.base/java.util.concurrent.ThreadPoolExecutor.runWorker(ThreadPoolExecutor.java:1136) ~[na:na]
	at java.base/java.util.concurrent.ThreadPoolExecutor$Worker.run(ThreadPoolExecutor.java:635) ~[na:na]
	at java.base/java.lang.Thread.run(Thread.java:840) ~[na:na]

2025-01-07T08:14:37.337+02:00  WARN 56328 --- [report-service] [DiscoveryClient-InstanceInfoReplicator-%d] c.n.discovery.InstanceInfoReplicator     : There was a problem with the instance info replicator

com.netflix.discovery.shared.transport.TransportException: Cannot execute request on any known server
	at com.netflix.discovery.shared.transport.decorator.RetryableEurekaHttpClient.execute(RetryableEurekaHttpClient.java:112) ~[eureka-client-2.0.4.jar:2.0.4]
	at com.netflix.discovery.shared.transport.decorator.EurekaHttpClientDecorator.register(EurekaHttpClientDecorator.java:56) ~[eureka-client-2.0.4.jar:2.0.4]
	at com.netflix.discovery.shared.transport.decorator.EurekaHttpClientDecorator$1.execute(EurekaHttpClientDecorator.java:59) ~[eureka-client-2.0.4.jar:2.0.4]
	at com.netflix.discovery.shared.transport.decorator.SessionedEurekaHttpClient.execute(SessionedEurekaHttpClient.java:76) ~[eureka-client-2.0.4.jar:2.0.4]
	at com.netflix.discovery.shared.transport.decorator.EurekaHttpClientDecorator.register(EurekaHttpClientDecorator.java:56) ~[eureka-client-2.0.4.jar:2.0.4]
	at com.netflix.discovery.DiscoveryClient.register(DiscoveryClient.java:828) ~[eureka-client-2.0.4.jar:2.0.4]
	at com.netflix.discovery.InstanceInfoReplicator.run(InstanceInfoReplicator.java:125) ~[eureka-client-2.0.4.jar:2.0.4]
	at com.netflix.discovery.InstanceInfoReplicator$2.run(InstanceInfoReplicator.java:105) ~[eureka-client-2.0.4.jar:2.0.4]
	at java.base/java.util.concurrent.Executors$RunnableAdapter.call(Executors.java:539) ~[na:na]
	at java.base/java.util.concurrent.FutureTask.run(FutureTask.java:264) ~[na:na]
	at java.base/java.util.concurrent.ScheduledThreadPoolExecutor$ScheduledFutureTask.run(ScheduledThreadPoolExecutor.java:304) ~[na:na]
	at java.base/java.util.concurrent.ThreadPoolExecutor.runWorker(ThreadPoolExecutor.java:1136) ~[na:na]
	at java.base/java.util.concurrent.ThreadPoolExecutor$Worker.run(ThreadPoolExecutor.java:635) ~[na:na]
	at java.base/java.lang.Thread.run(Thread.java:840) ~[na:na]

2025-01-07T08:14:37.380+02:00  INFO 56328 --- [report-service] [SpringApplicationShutdownHook] com.zaxxer.hikari.HikariDataSource       : HikariPool-1 - Shutdown initiated...
2025-01-07T08:14:37.389+02:00  INFO 56328 --- [report-service] [SpringApplicationShutdownHook] com.zaxxer.hikari.HikariDataSource       : HikariPool-1 - Shutdown completed.
2025-01-07T08:14:37.391+02:00  INFO 56328 --- [report-service] [SpringApplicationShutdownHook] com.netflix.discovery.DiscoveryClient    : Shutting down DiscoveryClient ...
2025-01-07T08:14:40.392+02:00  INFO 56328 --- [report-service] [SpringApplicationShutdownHook] com.netflix.discovery.DiscoveryClient    : Unregistering ...
2025-01-07T08:14:40.403+02:00  INFO 56328 --- [report-service] [SpringApplicationShutdownHook] c.n.d.s.t.d.RedirectingEurekaHttpClient  : Request execution error. endpoint=DefaultEndpoint{ serviceUrl='http://localhost:8761/eureka/}, exception=I/O error on DELETE request for "http://localhost:8761/eureka/apps/REPORT-SERVICE/anotherPc:report-service:9393": Connect to http://localhost:8761 [localhost/127.0.0.1, localhost/0:0:0:0:0:0:0:1] failed: В соединении отказано stacktrace=org.springframework.web.client.ResourceAccessException: I/O error on DELETE request for "http://localhost:8761/eureka/apps/REPORT-SERVICE/anotherPc:report-service:9393": Connect to http://localhost:8761 [localhost/127.0.0.1, localhost/0:0:0:0:0:0:0:1] failed: В соединении отказано
	at org.springframework.web.client.RestTemplate.createResourceAccessException(RestTemplate.java:926)
	at org.springframework.web.client.RestTemplate.doExecute(RestTemplate.java:906)
	at org.springframework.web.client.RestTemplate.execute(RestTemplate.java:841)
	at org.springframework.web.client.RestTemplate.exchange(RestTemplate.java:702)
	at org.springframework.cloud.netflix.eureka.http.RestTemplateEurekaHttpClient.cancel(RestTemplateEurekaHttpClient.java:100)
	at com.netflix.discovery.shared.transport.decorator.EurekaHttpClientDecorator$2.execute(EurekaHttpClientDecorator.java:74)
	at com.netflix.discovery.shared.transport.decorator.RedirectingEurekaHttpClient.executeOnNewServer(RedirectingEurekaHttpClient.java:121)
	at com.netflix.discovery.shared.transport.decorator.RedirectingEurekaHttpClient.execute(RedirectingEurekaHttpClient.java:80)
	at com.netflix.discovery.shared.transport.decorator.EurekaHttpClientDecorator.cancel(EurekaHttpClientDecorator.java:71)
	at com.netflix.discovery.shared.transport.decorator.EurekaHttpClientDecorator$2.execute(EurekaHttpClientDecorator.java:74)
	at com.netflix.discovery.shared.transport.decorator.RetryableEurekaHttpClient.execute(RetryableEurekaHttpClient.java:120)
	at com.netflix.discovery.shared.transport.decorator.EurekaHttpClientDecorator.cancel(EurekaHttpClientDecorator.java:71)
	at com.netflix.discovery.shared.transport.decorator.EurekaHttpClientDecorator$2.execute(EurekaHttpClientDecorator.java:74)
	at com.netflix.discovery.shared.transport.decorator.SessionedEurekaHttpClient.execute(SessionedEurekaHttpClient.java:76)
	at com.netflix.discovery.shared.transport.decorator.EurekaHttpClientDecorator.cancel(EurekaHttpClientDecorator.java:71)
	at com.netflix.discovery.DiscoveryClient.unregister(DiscoveryClient.java:919)
	at com.netflix.discovery.DiscoveryClient.shutdown(DiscoveryClient.java:900)
	at java.base/jdk.internal.reflect.NativeMethodAccessorImpl.invoke0(Native Method)
	at java.base/jdk.internal.reflect.NativeMethodAccessorImpl.invoke(NativeMethodAccessorImpl.java:77)
	at java.base/jdk.internal.reflect.DelegatingMethodAccessorImpl.invoke(DelegatingMethodAccessorImpl.java:43)
	at java.base/java.lang.reflect.Method.invoke(Method.java:569)
	at org.springframework.beans.factory.annotation.InitDestroyAnnotationBeanPostProcessor$LifecycleMethod.invoke(InitDestroyAnnotationBeanPostProcessor.java:457)
	at org.springframework.beans.factory.annotation.InitDestroyAnnotationBeanPostProcessor$LifecycleMetadata.invokeDestroyMethods(InitDestroyAnnotationBeanPostProcessor.java:415)
	at org.springframework.beans.factory.annotation.InitDestroyAnnotationBeanPostProcessor.postProcessBeforeDestruction(InitDestroyAnnotationBeanPostProcessor.java:239)
	at org.springframework.beans.factory.support.DisposableBeanAdapter.destroy(DisposableBeanAdapter.java:202)
	at org.springframework.beans.factory.support.DisposableBeanAdapter.run(DisposableBeanAdapter.java:195)
	at org.springframework.cloud.context.scope.GenericScope$BeanLifecycleWrapper.destroy(GenericScope.java:389)
	at org.springframework.cloud.context.scope.GenericScope.destroy(GenericScope.java:136)
	at org.springframework.beans.factory.support.DisposableBeanAdapter.destroy(DisposableBeanAdapter.java:211)
	at org.springframework.beans.factory.support.DefaultSingletonBeanRegistry.destroyBean(DefaultSingletonBeanRegistry.java:668)
	at org.springframework.beans.factory.support.DefaultSingletonBeanRegistry.destroySingleton(DefaultSingletonBeanRegistry.java:625)
	at org.springframework.beans.factory.support.DefaultListableBeanFactory.destroySingleton(DefaultListableBeanFactory.java:1368)
	at org.springframework.beans.factory.support.DefaultSingletonBeanRegistry.destroySingletons(DefaultSingletonBeanRegistry.java:584)
	at org.springframework.beans.factory.support.DefaultListableBeanFactory.destroySingletons(DefaultListableBeanFactory.java:1361)
	at org.springframework.context.support.AbstractApplicationContext.destroyBeans(AbstractApplicationContext.java:1219)
	at org.springframework.context.support.AbstractApplicationContext.doClose(AbstractApplicationContext.java:1180)
	at org.springframework.boot.web.servlet.context.ServletWebServerApplicationContext.doClose(ServletWebServerApplicationContext.java:174)
	at org.springframework.context.support.AbstractApplicationContext.close(AbstractApplicationContext.java:1126)
	at org.springframework.boot.SpringApplicationShutdownHook.closeAndWait(SpringApplicationShutdownHook.java:147)
	at java.base/java.lang.Iterable.forEach(Iterable.java:75)
	at org.springframework.boot.SpringApplicationShutdownHook.run(SpringApplicationShutdownHook.java:116)
	at java.base/java.lang.Thread.run(Thread.java:840)
Caused by: org.apache.hc.client5.http.HttpHostConnectException: Connect to http://localhost:8761 [localhost/127.0.0.1, localhost/0:0:0:0:0:0:0:1] failed: В соединении отказано
	at java.base/sun.nio.ch.Net.pollConnect(Native Method)
	at java.base/sun.nio.ch.Net.pollConnectNow(Net.java:672)
	at java.base/sun.nio.ch.NioSocketImpl.timedFinishConnect(NioSocketImpl.java:547)
	at java.base/sun.nio.ch.NioSocketImpl.connect(NioSocketImpl.java:602)
	at java.base/java.net.SocksSocketImpl.connect(SocksSocketImpl.java:327)
	at java.base/java.net.Socket.connect(Socket.java:633)
	at org.apache.hc.client5.http.impl.io.DefaultHttpClientConnectionOperator.connect(DefaultHttpClientConnectionOperator.java:216)
	at org.apache.hc.client5.http.impl.io.PoolingHttpClientConnectionManager.connect(PoolingHttpClientConnectionManager.java:490)
	at org.apache.hc.client5.http.impl.classic.InternalExecRuntime.connectEndpoint(InternalExecRuntime.java:164)
	at org.apache.hc.client5.http.impl.classic.InternalExecRuntime.connectEndpoint(InternalExecRuntime.java:174)
	at org.apache.hc.client5.http.impl.classic.ConnectExec.execute(ConnectExec.java:144)
	at org.apache.hc.client5.http.impl.classic.ExecChainElement.execute(ExecChainElement.java:51)
	at org.apache.hc.client5.http.impl.classic.ProtocolExec.execute(ProtocolExec.java:192)
	at org.apache.hc.client5.http.impl.classic.ExecChainElement.execute(ExecChainElement.java:51)
	at org.apache.hc.client5.http.impl.classic.ContentCompressionExec.execute(ContentCompressionExec.java:150)
	at org.apache.hc.client5.http.impl.classic.ExecChainElement.execute(ExecChainElement.java:51)
	at org.apache.hc.client5.http.impl.classic.HttpRequestRetryExec.execute(HttpRequestRetryExec.java:113)
	at org.apache.hc.client5.http.impl.classic.ExecChainElement.execute(ExecChainElement.java:51)
	at org.apache.hc.client5.http.impl.classic.RedirectExec.execute(RedirectExec.java:110)
	at org.apache.hc.client5.http.impl.classic.ExecChainElement.execute(ExecChainElement.java:51)
	at org.apache.hc.client5.http.impl.classic.InternalHttpClient.doExecute(InternalHttpClient.java:174)
	at org.apache.hc.client5.http.impl.classic.CloseableHttpClient.execute(CloseableHttpClient.java:87)
	at org.apache.hc.client5.http.impl.classic.CloseableHttpClient.execute(CloseableHttpClient.java:55)
	at org.apache.hc.client5.http.classic.HttpClient.executeOpen(HttpClient.java:183)
	at org.springframework.http.client.HttpComponentsClientHttpRequest.executeInternal(HttpComponentsClientHttpRequest.java:99)
	at org.springframework.http.client.AbstractStreamingClientHttpRequest.executeInternal(AbstractStreamingClientHttpRequest.java:71)
	at org.springframework.http.client.AbstractClientHttpRequest.execute(AbstractClientHttpRequest.java:81)
	at org.springframework.http.client.InterceptingClientHttpRequest$InterceptingRequestExecution.execute(InterceptingClientHttpRequest.java:117)
	at org.springframework.cloud.netflix.eureka.http.RestTemplateTransportClientFactory.lambda$restTemplate$3(RestTemplateTransportClientFactory.java:141)
	at org.springframework.http.client.InterceptingClientHttpRequest$InterceptingRequestExecution.execute(InterceptingClientHttpRequest.java:88)
	at org.springframework.http.client.InterceptingClientHttpRequest.executeInternal(InterceptingClientHttpRequest.java:72)
	at org.springframework.http.client.AbstractBufferingClientHttpRequest.executeInternal(AbstractBufferingClientHttpRequest.java:48)
	at org.springframework.http.client.AbstractClientHttpRequest.execute(AbstractClientHttpRequest.java:81)
	at org.springframework.web.client.RestTemplate.doExecute(RestTemplate.java:900)
	... 40 more

2025-01-07T08:14:40.405+02:00  WARN 56328 --- [report-service] [SpringApplicationShutdownHook] c.n.d.s.t.d.RetryableEurekaHttpClient    : Request execution failed with message: I/O error on DELETE request for "http://localhost:8761/eureka/apps/REPORT-SERVICE/anotherPc:report-service:9393": Connect to http://localhost:8761 [localhost/127.0.0.1, localhost/0:0:0:0:0:0:0:1] failed: В соединении отказано
2025-01-07T08:14:40.406+02:00 ERROR 56328 --- [report-service] [SpringApplicationShutdownHook] com.netflix.discovery.DiscoveryClient    : DiscoveryClient_REPORT-SERVICE/anotherPc:report-service:9393 - de-registration failedCannot execute request on any known server

com.netflix.discovery.shared.transport.TransportException: Cannot execute request on any known server
	at com.netflix.discovery.shared.transport.decorator.RetryableEurekaHttpClient.execute(RetryableEurekaHttpClient.java:112) ~[eureka-client-2.0.4.jar:2.0.4]
	at com.netflix.discovery.shared.transport.decorator.EurekaHttpClientDecorator.cancel(EurekaHttpClientDecorator.java:71) ~[eureka-client-2.0.4.jar:2.0.4]
	at com.netflix.discovery.shared.transport.decorator.EurekaHttpClientDecorator$2.execute(EurekaHttpClientDecorator.java:74) ~[eureka-client-2.0.4.jar:2.0.4]
	at com.netflix.discovery.shared.transport.decorator.SessionedEurekaHttpClient.execute(SessionedEurekaHttpClient.java:76) ~[eureka-client-2.0.4.jar:2.0.4]
	at com.netflix.discovery.shared.transport.decorator.EurekaHttpClientDecorator.cancel(EurekaHttpClientDecorator.java:71) ~[eureka-client-2.0.4.jar:2.0.4]
	at com.netflix.discovery.DiscoveryClient.unregister(DiscoveryClient.java:919) ~[eureka-client-2.0.4.jar:2.0.4]
	at com.netflix.discovery.DiscoveryClient.shutdown(DiscoveryClient.java:900) ~[eureka-client-2.0.4.jar:2.0.4]
	at java.base/jdk.internal.reflect.NativeMethodAccessorImpl.invoke0(Native Method) ~[na:na]
	at java.base/jdk.internal.reflect.NativeMethodAccessorImpl.invoke(NativeMethodAccessorImpl.java:77) ~[na:na]
	at java.base/jdk.internal.reflect.DelegatingMethodAccessorImpl.invoke(DelegatingMethodAccessorImpl.java:43) ~[na:na]
	at java.base/java.lang.reflect.Method.invoke(Method.java:569) ~[na:na]
	at org.springframework.beans.factory.annotation.InitDestroyAnnotationBeanPostProcessor$LifecycleMethod.invoke(InitDestroyAnnotationBeanPostProcessor.java:457) ~[spring-beans-6.2.1.jar:6.2.1]
	at org.springframework.beans.factory.annotation.InitDestroyAnnotationBeanPostProcessor$LifecycleMetadata.invokeDestroyMethods(InitDestroyAnnotationBeanPostProcessor.java:415) ~[spring-beans-6.2.1.jar:6.2.1]
	at org.springframework.beans.factory.annotation.InitDestroyAnnotationBeanPostProcessor.postProcessBeforeDestruction(InitDestroyAnnotationBeanPostProcessor.java:239) ~[spring-beans-6.2.1.jar:6.2.1]
	at org.springframework.beans.factory.support.DisposableBeanAdapter.destroy(DisposableBeanAdapter.java:202) ~[spring-beans-6.2.1.jar:6.2.1]
	at org.springframework.beans.factory.support.DisposableBeanAdapter.run(DisposableBeanAdapter.java:195) ~[spring-beans-6.2.1.jar:6.2.1]
	at org.springframework.cloud.context.scope.GenericScope$BeanLifecycleWrapper.destroy(GenericScope.java:389) ~[spring-cloud-context-4.2.0.jar:4.2.0]
	at org.springframework.cloud.context.scope.GenericScope.destroy(GenericScope.java:136) ~[spring-cloud-context-4.2.0.jar:4.2.0]
	at org.springframework.beans.factory.support.DisposableBeanAdapter.destroy(DisposableBeanAdapter.java:211) ~[spring-beans-6.2.1.jar:6.2.1]
	at org.springframework.beans.factory.support.DefaultSingletonBeanRegistry.destroyBean(DefaultSingletonBeanRegistry.java:668) ~[spring-beans-6.2.1.jar:6.2.1]
	at org.springframework.beans.factory.support.DefaultSingletonBeanRegistry.destroySingleton(DefaultSingletonBeanRegistry.java:625) ~[spring-beans-6.2.1.jar:6.2.1]
	at org.springframework.beans.factory.support.DefaultListableBeanFactory.destroySingleton(DefaultListableBeanFactory.java:1368) ~[spring-beans-6.2.1.jar:6.2.1]
	at org.springframework.beans.factory.support.DefaultSingletonBeanRegistry.destroySingletons(DefaultSingletonBeanRegistry.java:584) ~[spring-beans-6.2.1.jar:6.2.1]
	at org.springframework.beans.factory.support.DefaultListableBeanFactory.destroySingletons(DefaultListableBeanFactory.java:1361) ~[spring-beans-6.2.1.jar:6.2.1]
	at org.springframework.context.support.AbstractApplicationContext.destroyBeans(AbstractApplicationContext.java:1219) ~[spring-context-6.2.1.jar:6.2.1]
	at org.springframework.context.support.AbstractApplicationContext.doClose(AbstractApplicationContext.java:1180) ~[spring-context-6.2.1.jar:6.2.1]
	at org.springframework.boot.web.servlet.context.ServletWebServerApplicationContext.doClose(ServletWebServerApplicationContext.java:174) ~[spring-boot-3.4.1.jar:3.4.1]
	at org.springframework.context.support.AbstractApplicationContext.close(AbstractApplicationContext.java:1126) ~[spring-context-6.2.1.jar:6.2.1]
	at org.springframework.boot.SpringApplicationShutdownHook.closeAndWait(SpringApplicationShutdownHook.java:147) ~[spring-boot-3.4.1.jar:3.4.1]
	at java.base/java.lang.Iterable.forEach(Iterable.java:75) ~[na:na]
	at org.springframework.boot.SpringApplicationShutdownHook.run(SpringApplicationShutdownHook.java:116) ~[spring-boot-3.4.1.jar:3.4.1]
	at java.base/java.lang.Thread.run(Thread.java:840) ~[na:na]

2025-01-07T08:14:40.408+02:00  INFO 56328 --- [report-service] [SpringApplicationShutdownHook] com.netflix.discovery.DiscoveryClient    : Completed shut down of DiscoveryClient
2025-01-07T08:43:22.587+02:00  INFO 64310 --- [report-service] [restartedMain] c.a.r.ReportServiceApplication           : Starting ReportServiceApplication using Java 17.0.13 with PID 64310 (/home/another/dev/developering/ticket-management-system/report-service/build/classes/java/main started by another in /home/another/dev/developering/ticket-management-system/report-service)
2025-01-07T08:43:22.626+02:00  INFO 64310 --- [report-service] [restartedMain] c.a.r.ReportServiceApplication           : No active profile set, falling back to 1 default profile: "default"
2025-01-07T08:43:26.764+02:00  INFO 64310 --- [report-service] [restartedMain] o.apache.catalina.core.StandardService   : Starting service [Tomcat]
2025-01-07T08:43:26.765+02:00  INFO 64310 --- [report-service] [restartedMain] o.apache.catalina.core.StandardEngine    : Starting Servlet engine: [Apache Tomcat/10.1.34]
2025-01-07T08:43:26.844+02:00  INFO 64310 --- [report-service] [restartedMain] o.a.c.c.C.[Tomcat].[localhost].[/]       : Initializing Spring embedded WebApplicationContext
2025-01-07T08:43:27.502+02:00  INFO 64310 --- [report-service] [restartedMain] com.zaxxer.hikari.HikariDataSource       : HikariPool-1 - Starting...
2025-01-07T08:43:27.781+02:00  INFO 64310 --- [report-service] [restartedMain] com.zaxxer.hikari.pool.HikariPool        : HikariPool-1 - Added connection org.postgresql.jdbc.PgConnection@2ef51c31
2025-01-07T08:43:27.784+02:00  INFO 64310 --- [report-service] [restartedMain] com.zaxxer.hikari.HikariDataSource       : HikariPool-1 - Start completed.
2025-01-07T08:43:27.881+02:00  INFO 64310 --- [report-service] [restartedMain] o.hibernate.jpa.internal.util.LogHelper  : HHH000204: Processing PersistenceUnitInfo [name: default]
2025-01-07T08:43:27.991+02:00  INFO 64310 --- [report-service] [restartedMain] org.hibernate.Version                    : HHH000412: Hibernate ORM core version 6.6.4.Final
2025-01-07T08:43:28.053+02:00  INFO 64310 --- [report-service] [restartedMain] o.h.c.internal.RegionFactoryInitiator    : HHH000026: Second-level cache disabled
2025-01-07T08:43:28.718+02:00  INFO 64310 --- [report-service] [restartedMain] org.hibernate.orm.connections.pooling    : HHH10001005: Database info:
	Database JDBC URL [Connecting through datasource 'HikariDataSource (HikariPool-1)']
	Database driver: undefined/unknown
	Database version: 17.2
	Autocommit mode: undefined/unknown
	Isolation level: undefined/unknown
	Minimum pool size: undefined/unknown
	Maximum pool size: undefined/unknown
2025-01-07T08:43:30.404+02:00  INFO 64310 --- [report-service] [restartedMain] o.h.e.t.j.p.i.JtaPlatformInitiator       : HHH000489: No JTA platform available (set 'hibernate.transaction.jta.platform' to enable JTA platform integration)
2025-01-07T08:43:35.016+02:00  INFO 64310 --- [report-service] [restartedMain] com.netflix.discovery.DiscoveryClient    : Initializing Eureka in region us-east-1
2025-01-07T08:43:35.022+02:00  INFO 64310 --- [report-service] [restartedMain] c.n.d.s.r.aws.ConfigClusterResolver      : Resolving eureka endpoints via configuration
2025-01-07T08:43:35.038+02:00  INFO 64310 --- [report-service] [restartedMain] com.netflix.discovery.DiscoveryClient    : Disable delta property : false
2025-01-07T08:43:35.038+02:00  INFO 64310 --- [report-service] [restartedMain] com.netflix.discovery.DiscoveryClient    : Single vip registry refresh property : null
2025-01-07T08:43:35.039+02:00  INFO 64310 --- [report-service] [restartedMain] com.netflix.discovery.DiscoveryClient    : Force full registry fetch : false
2025-01-07T08:43:35.039+02:00  INFO 64310 --- [report-service] [restartedMain] com.netflix.discovery.DiscoveryClient    : Application is null : false
2025-01-07T08:43:35.040+02:00  INFO 64310 --- [report-service] [restartedMain] com.netflix.discovery.DiscoveryClient    : Registered Applications size is zero : true
2025-01-07T08:43:35.040+02:00  INFO 64310 --- [report-service] [restartedMain] com.netflix.discovery.DiscoveryClient    : Application version is -1: true
2025-01-07T08:43:35.040+02:00  INFO 64310 --- [report-service] [restartedMain] com.netflix.discovery.DiscoveryClient    : Getting all instance registry info from the eureka server
2025-01-07T08:43:35.825+02:00  INFO 64310 --- [report-service] [restartedMain] com.netflix.discovery.DiscoveryClient    : The response status is 200
2025-01-07T08:43:35.827+02:00  INFO 64310 --- [report-service] [restartedMain] com.netflix.discovery.DiscoveryClient    : Starting heartbeat executor: renew interval is: 30
2025-01-07T08:43:35.830+02:00  INFO 64310 --- [report-service] [restartedMain] c.n.discovery.InstanceInfoReplicator     : InstanceInfoReplicator onDemand update allowed rate per min is 4
2025-01-07T08:43:35.834+02:00  INFO 64310 --- [report-service] [restartedMain] com.netflix.discovery.DiscoveryClient    : Discovery Client initialized at timestamp 1736232215832 with initial instances count: 0
2025-01-07T08:43:35.855+02:00  INFO 64310 --- [report-service] [restartedMain] com.netflix.discovery.DiscoveryClient    : Saw local status change event StatusChangeEvent [timestamp=1736232215855, current=UP, previous=STARTING]
2025-01-07T08:43:35.857+02:00  INFO 64310 --- [report-service] [DiscoveryClient-InstanceInfoReplicator-%d] com.netflix.discovery.DiscoveryClient    : DiscoveryClient_REPORT-SERVICE/anotherPc:report-service:9393: registering service...
2025-01-07T08:43:35.971+02:00  INFO 64310 --- [report-service] [restartedMain] c.a.r.ReportServiceApplication           : Started ReportServiceApplication in 14.212 seconds (process running for 15.62)
2025-01-07T08:43:36.051+02:00  INFO 64310 --- [report-service] [DiscoveryClient-InstanceInfoReplicator-%d] com.netflix.discovery.DiscoveryClient    : DiscoveryClient_REPORT-SERVICE/anotherPc:report-service:9393 - registration status: 204
2025-01-07T08:43:36.440+02:00  INFO 64310 --- [report-service] [RMI TCP Connection(4)-192.168.0.103] o.a.c.c.C.[Tomcat].[localhost].[/]       : Initializing Spring DispatcherServlet 'dispatcherServlet'
2025-01-07T08:43:41.114+02:00  INFO 64310 --- [report-service] [SpringApplicationShutdownHook] com.netflix.discovery.DiscoveryClient    : Saw local status change event StatusChangeEvent [timestamp=1736232221114, current=DOWN, previous=UP]
2025-01-07T08:43:41.115+02:00  INFO 64310 --- [report-service] [DiscoveryClient-InstanceInfoReplicator-%d] com.netflix.discovery.DiscoveryClient    : DiscoveryClient_REPORT-SERVICE/anotherPc:report-service:9393: registering service...
2025-01-07T08:43:41.128+02:00  INFO 64310 --- [report-service] [DiscoveryClient-InstanceInfoReplicator-%d] com.netflix.discovery.DiscoveryClient    : DiscoveryClient_REPORT-SERVICE/anotherPc:report-service:9393 - registration status: 204
2025-01-07T08:43:41.193+02:00  INFO 64310 --- [report-service] [SpringApplicationShutdownHook] com.zaxxer.hikari.HikariDataSource       : HikariPool-1 - Shutdown initiated...
2025-01-07T08:43:41.203+02:00  INFO 64310 --- [report-service] [SpringApplicationShutdownHook] com.zaxxer.hikari.HikariDataSource       : HikariPool-1 - Shutdown completed.
2025-01-07T08:43:41.206+02:00  INFO 64310 --- [report-service] [SpringApplicationShutdownHook] com.netflix.discovery.DiscoveryClient    : Shutting down DiscoveryClient ...
2025-01-07T08:43:44.206+02:00  INFO 64310 --- [report-service] [SpringApplicationShutdownHook] com.netflix.discovery.DiscoveryClient    : Unregistering ...
2025-01-07T08:43:44.291+02:00  INFO 64310 --- [report-service] [SpringApplicationShutdownHook] com.netflix.discovery.DiscoveryClient    : DiscoveryClient_REPORT-SERVICE/anotherPc:report-service:9393 - deregister  status: 200
2025-01-07T08:43:44.291+02:00  INFO 64310 --- [report-service] [SpringApplicationShutdownHook] com.netflix.discovery.DiscoveryClient    : Completed shut down of DiscoveryClient
2025-01-07T09:45:43.160+02:00  INFO 78743 --- [report-service] [Test worker] c.a.r.rabbit.RabbitSenderMessageTest     : Starting RabbitSenderMessageTest using Java 17.0.13 with PID 78743 (started by another in /home/another/dev/developering/ticket-management-system/report-service)
2025-01-07T09:45:43.195+02:00  INFO 78743 --- [report-service] [Test worker] c.a.r.rabbit.RabbitSenderMessageTest     : No active profile set, falling back to 1 default profile: "default"
2025-01-07T09:45:47.073+02:00  INFO 78743 --- [report-service] [Test worker] com.zaxxer.hikari.HikariDataSource       : HikariPool-1 - Starting...
2025-01-07T09:45:47.445+02:00  INFO 78743 --- [report-service] [Test worker] com.zaxxer.hikari.pool.HikariPool        : HikariPool-1 - Added connection org.postgresql.jdbc.PgConnection@30665461
2025-01-07T09:45:47.449+02:00  INFO 78743 --- [report-service] [Test worker] com.zaxxer.hikari.HikariDataSource       : HikariPool-1 - Start completed.
2025-01-07T09:45:47.600+02:00  INFO 78743 --- [report-service] [Test worker] o.hibernate.jpa.internal.util.LogHelper  : HHH000204: Processing PersistenceUnitInfo [name: default]
2025-01-07T09:45:47.746+02:00  INFO 78743 --- [report-service] [Test worker] org.hibernate.Version                    : HHH000412: Hibernate ORM core version 6.6.4.Final
2025-01-07T09:45:47.826+02:00  INFO 78743 --- [report-service] [Test worker] o.h.c.internal.RegionFactoryInitiator    : HHH000026: Second-level cache disabled
2025-01-07T09:45:48.722+02:00  INFO 78743 --- [report-service] [Test worker] org.hibernate.orm.connections.pooling    : HHH10001005: Database info:
	Database JDBC URL [Connecting through datasource 'HikariDataSource (HikariPool-1)']
	Database driver: undefined/unknown
	Database version: 17.2
	Autocommit mode: undefined/unknown
	Isolation level: undefined/unknown
	Minimum pool size: undefined/unknown
	Maximum pool size: undefined/unknown
2025-01-07T09:45:50.549+02:00  INFO 78743 --- [report-service] [Test worker] o.h.e.t.j.p.i.JtaPlatformInitiator       : HHH000489: No JTA platform available (set 'hibernate.transaction.jta.platform' to enable JTA platform integration)
2025-01-07T09:45:55.631+02:00  INFO 78743 --- [report-service] [Test worker] com.netflix.discovery.DiscoveryClient    : Initializing Eureka in region us-east-1
2025-01-07T09:45:55.637+02:00  INFO 78743 --- [report-service] [Test worker] c.n.d.s.r.aws.ConfigClusterResolver      : Resolving eureka endpoints via configuration
2025-01-07T09:45:55.649+02:00  INFO 78743 --- [report-service] [Test worker] com.netflix.discovery.DiscoveryClient    : Disable delta property : false
2025-01-07T09:45:55.650+02:00  INFO 78743 --- [report-service] [Test worker] com.netflix.discovery.DiscoveryClient    : Single vip registry refresh property : null
2025-01-07T09:45:55.650+02:00  INFO 78743 --- [report-service] [Test worker] com.netflix.discovery.DiscoveryClient    : Force full registry fetch : false
2025-01-07T09:45:55.650+02:00  INFO 78743 --- [report-service] [Test worker] com.netflix.discovery.DiscoveryClient    : Application is null : false
2025-01-07T09:45:55.651+02:00  INFO 78743 --- [report-service] [Test worker] com.netflix.discovery.DiscoveryClient    : Registered Applications size is zero : true
2025-01-07T09:45:55.651+02:00  INFO 78743 --- [report-service] [Test worker] com.netflix.discovery.DiscoveryClient    : Application version is -1: true
2025-01-07T09:45:55.652+02:00  INFO 78743 --- [report-service] [Test worker] com.netflix.discovery.DiscoveryClient    : Getting all instance registry info from the eureka server
2025-01-07T09:45:56.154+02:00  INFO 78743 --- [report-service] [Test worker] com.netflix.discovery.DiscoveryClient    : The response status is 200
2025-01-07T09:45:56.156+02:00  INFO 78743 --- [report-service] [Test worker] com.netflix.discovery.DiscoveryClient    : Starting heartbeat executor: renew interval is: 30
2025-01-07T09:45:56.159+02:00  INFO 78743 --- [report-service] [Test worker] c.n.discovery.InstanceInfoReplicator     : InstanceInfoReplicator onDemand update allowed rate per min is 4
2025-01-07T09:45:56.163+02:00  INFO 78743 --- [report-service] [Test worker] com.netflix.discovery.DiscoveryClient    : Discovery Client initialized at timestamp 1736235956161 with initial instances count: 0
2025-01-07T09:45:56.180+02:00  INFO 78743 --- [report-service] [Test worker] com.netflix.discovery.DiscoveryClient    : Saw local status change event StatusChangeEvent [timestamp=1736235956180, current=UP, previous=STARTING]
2025-01-07T09:45:56.183+02:00  INFO 78743 --- [report-service] [DiscoveryClient-InstanceInfoReplicator-%d] com.netflix.discovery.DiscoveryClient    : DiscoveryClient_REPORT-SERVICE/anotherPc:report-service:9393: registering service...
2025-01-07T09:45:56.216+02:00  INFO 78743 --- [report-service] [Test worker] c.a.r.rabbit.RabbitSenderMessageTest     : Started RabbitSenderMessageTest in 13.766 seconds (process running for 16.451)
2025-01-07T09:45:56.250+02:00  INFO 78743 --- [report-service] [DiscoveryClient-InstanceInfoReplicator-%d] com.netflix.discovery.DiscoveryClient    : DiscoveryClient_REPORT-SERVICE/anotherPc:report-service:9393 - registration status: 204
2025-01-07T09:45:57.246+02:00  INFO 78743 --- [report-service] [SpringApplicationShutdownHook] com.netflix.discovery.DiscoveryClient    : Saw local status change event StatusChangeEvent [timestamp=1736235957246, current=DOWN, previous=UP]
2025-01-07T09:45:57.247+02:00  INFO 78743 --- [report-service] [DiscoveryClient-InstanceInfoReplicator-%d] com.netflix.discovery.DiscoveryClient    : DiscoveryClient_REPORT-SERVICE/anotherPc:report-service:9393: registering service...
2025-01-07T09:45:57.258+02:00  INFO 78743 --- [report-service] [DiscoveryClient-InstanceInfoReplicator-%d] com.netflix.discovery.DiscoveryClient    : DiscoveryClient_REPORT-SERVICE/anotherPc:report-service:9393 - registration status: 204
2025-01-07T09:45:57.316+02:00  INFO 78743 --- [report-service] [SpringApplicationShutdownHook] com.zaxxer.hikari.HikariDataSource       : HikariPool-1 - Shutdown initiated...
2025-01-07T09:45:57.323+02:00  INFO 78743 --- [report-service] [SpringApplicationShutdownHook] com.zaxxer.hikari.HikariDataSource       : HikariPool-1 - Shutdown completed.
2025-01-07T09:45:57.325+02:00  INFO 78743 --- [report-service] [SpringApplicationShutdownHook] com.netflix.discovery.DiscoveryClient    : Shutting down DiscoveryClient ...
2025-01-07T09:46:00.326+02:00  INFO 78743 --- [report-service] [SpringApplicationShutdownHook] com.netflix.discovery.DiscoveryClient    : Unregistering ...
2025-01-07T09:46:00.341+02:00  INFO 78743 --- [report-service] [SpringApplicationShutdownHook] com.netflix.discovery.DiscoveryClient    : DiscoveryClient_REPORT-SERVICE/anotherPc:report-service:9393 - deregister  status: 200
2025-01-07T09:46:00.349+02:00  INFO 78743 --- [report-service] [SpringApplicationShutdownHook] com.netflix.discovery.DiscoveryClient    : Completed shut down of DiscoveryClient
2025-01-07T11:04:48.497+02:00  INFO 94555 --- [report-service] [Test worker] c.a.r.s.r.ReportTaskServiceTest          : Starting ReportTaskServiceTest using Java 17.0.13 with PID 94555 (started by another in /home/another/dev/developering/ticket-management-system/report-service)
2025-01-07T11:04:48.531+02:00  INFO 94555 --- [report-service] [Test worker] c.a.r.s.r.ReportTaskServiceTest          : No active profile set, falling back to 1 default profile: "default"
2025-01-07T11:04:52.282+02:00  INFO 94555 --- [report-service] [Test worker] com.zaxxer.hikari.HikariDataSource       : HikariPool-1 - Starting...
2025-01-07T11:04:52.847+02:00  INFO 94555 --- [report-service] [Test worker] com.zaxxer.hikari.pool.HikariPool        : HikariPool-1 - Added connection org.postgresql.jdbc.PgConnection@673a9db4
2025-01-07T11:04:52.850+02:00  INFO 94555 --- [report-service] [Test worker] com.zaxxer.hikari.HikariDataSource       : HikariPool-1 - Start completed.
2025-01-07T11:04:52.966+02:00  INFO 94555 --- [report-service] [Test worker] o.hibernate.jpa.internal.util.LogHelper  : HHH000204: Processing PersistenceUnitInfo [name: default]
2025-01-07T11:04:53.073+02:00  INFO 94555 --- [report-service] [Test worker] org.hibernate.Version                    : HHH000412: Hibernate ORM core version 6.6.4.Final
2025-01-07T11:04:53.141+02:00  INFO 94555 --- [report-service] [Test worker] o.h.c.internal.RegionFactoryInitiator    : HHH000026: Second-level cache disabled
2025-01-07T11:04:53.826+02:00  INFO 94555 --- [report-service] [Test worker] org.hibernate.orm.connections.pooling    : HHH10001005: Database info:
	Database JDBC URL [Connecting through datasource 'HikariDataSource (HikariPool-1)']
	Database driver: undefined/unknown
	Database version: 17.2
	Autocommit mode: undefined/unknown
	Isolation level: undefined/unknown
	Minimum pool size: undefined/unknown
	Maximum pool size: undefined/unknown
2025-01-07T11:04:55.530+02:00  INFO 94555 --- [report-service] [Test worker] o.h.e.t.j.p.i.JtaPlatformInitiator       : HHH000489: No JTA platform available (set 'hibernate.transaction.jta.platform' to enable JTA platform integration)
2025-01-07T11:05:00.911+02:00  INFO 94555 --- [report-service] [Test worker] com.netflix.discovery.DiscoveryClient    : Initializing Eureka in region us-east-1
2025-01-07T11:05:00.918+02:00  INFO 94555 --- [report-service] [Test worker] c.n.d.s.r.aws.ConfigClusterResolver      : Resolving eureka endpoints via configuration
2025-01-07T11:05:00.938+02:00  INFO 94555 --- [report-service] [Test worker] com.netflix.discovery.DiscoveryClient    : Disable delta property : false
2025-01-07T11:05:00.939+02:00  INFO 94555 --- [report-service] [Test worker] com.netflix.discovery.DiscoveryClient    : Single vip registry refresh property : null
2025-01-07T11:05:00.939+02:00  INFO 94555 --- [report-service] [Test worker] com.netflix.discovery.DiscoveryClient    : Force full registry fetch : false
2025-01-07T11:05:00.940+02:00  INFO 94555 --- [report-service] [Test worker] com.netflix.discovery.DiscoveryClient    : Application is null : false
2025-01-07T11:05:00.940+02:00  INFO 94555 --- [report-service] [Test worker] com.netflix.discovery.DiscoveryClient    : Registered Applications size is zero : true
2025-01-07T11:05:00.941+02:00  INFO 94555 --- [report-service] [Test worker] com.netflix.discovery.DiscoveryClient    : Application version is -1: true
2025-01-07T11:05:00.942+02:00  INFO 94555 --- [report-service] [Test worker] com.netflix.discovery.DiscoveryClient    : Getting all instance registry info from the eureka server
2025-01-07T11:05:01.493+02:00  INFO 94555 --- [report-service] [Test worker] com.netflix.discovery.DiscoveryClient    : The response status is 200
2025-01-07T11:05:01.498+02:00  INFO 94555 --- [report-service] [Test worker] com.netflix.discovery.DiscoveryClient    : Starting heartbeat executor: renew interval is: 30
2025-01-07T11:05:01.501+02:00  INFO 94555 --- [report-service] [Test worker] c.n.discovery.InstanceInfoReplicator     : InstanceInfoReplicator onDemand update allowed rate per min is 4
2025-01-07T11:05:01.506+02:00  INFO 94555 --- [report-service] [Test worker] com.netflix.discovery.DiscoveryClient    : Discovery Client initialized at timestamp 1736240701504 with initial instances count: 1
2025-01-07T11:05:01.525+02:00  INFO 94555 --- [report-service] [Test worker] com.netflix.discovery.DiscoveryClient    : Saw local status change event StatusChangeEvent [timestamp=1736240701525, current=UP, previous=STARTING]
2025-01-07T11:05:01.529+02:00  INFO 94555 --- [report-service] [DiscoveryClient-InstanceInfoReplicator-%d] com.netflix.discovery.DiscoveryClient    : DiscoveryClient_REPORT-SERVICE/anotherPc:report-service:9393: registering service...
2025-01-07T11:05:01.591+02:00  INFO 94555 --- [report-service] [Test worker] c.a.r.s.r.ReportTaskServiceTest          : Started ReportTaskServiceTest in 13.803 seconds (process running for 16.369)
2025-01-07T11:05:01.625+02:00  INFO 94555 --- [report-service] [DiscoveryClient-InstanceInfoReplicator-%d] com.netflix.discovery.DiscoveryClient    : DiscoveryClient_REPORT-SERVICE/anotherPc:report-service:9393 - registration status: 204
2025-01-07T11:05:02.751+02:00  INFO 94555 --- [report-service] [SpringApplicationShutdownHook] com.netflix.discovery.DiscoveryClient    : Saw local status change event StatusChangeEvent [timestamp=1736240702751, current=DOWN, previous=UP]
2025-01-07T11:05:02.751+02:00  INFO 94555 --- [report-service] [DiscoveryClient-InstanceInfoReplicator-%d] com.netflix.discovery.DiscoveryClient    : DiscoveryClient_REPORT-SERVICE/anotherPc:report-service:9393: registering service...
2025-01-07T11:05:02.763+02:00  INFO 94555 --- [report-service] [DiscoveryClient-InstanceInfoReplicator-%d] com.netflix.discovery.DiscoveryClient    : DiscoveryClient_REPORT-SERVICE/anotherPc:report-service:9393 - registration status: 204
2025-01-07T11:05:02.832+02:00  INFO 94555 --- [report-service] [SpringApplicationShutdownHook] com.zaxxer.hikari.HikariDataSource       : HikariPool-1 - Shutdown initiated...
2025-01-07T11:05:02.840+02:00  INFO 94555 --- [report-service] [SpringApplicationShutdownHook] com.zaxxer.hikari.HikariDataSource       : HikariPool-1 - Shutdown completed.
2025-01-07T11:05:02.842+02:00  INFO 94555 --- [report-service] [SpringApplicationShutdownHook] com.netflix.discovery.DiscoveryClient    : Shutting down DiscoveryClient ...
2025-01-07T11:05:05.845+02:00  INFO 94555 --- [report-service] [SpringApplicationShutdownHook] com.netflix.discovery.DiscoveryClient    : Unregistering ...
2025-01-07T11:05:05.868+02:00  INFO 94555 --- [report-service] [SpringApplicationShutdownHook] com.netflix.discovery.DiscoveryClient    : DiscoveryClient_REPORT-SERVICE/anotherPc:report-service:9393 - deregister  status: 200
2025-01-07T11:05:05.869+02:00  INFO 94555 --- [report-service] [SpringApplicationShutdownHook] com.netflix.discovery.DiscoveryClient    : Completed shut down of DiscoveryClient
2025-01-07T11:06:39.562+02:00  INFO 95127 --- [report-service] [Test worker] c.a.r.s.r.ReportTaskServiceTest          : Starting ReportTaskServiceTest using Java 17.0.13 with PID 95127 (started by another in /home/another/dev/developering/ticket-management-system/report-service)
2025-01-07T11:06:39.610+02:00  INFO 95127 --- [report-service] [Test worker] c.a.r.s.r.ReportTaskServiceTest          : No active profile set, falling back to 1 default profile: "default"
2025-01-07T11:06:44.186+02:00  INFO 95127 --- [report-service] [Test worker] com.zaxxer.hikari.HikariDataSource       : HikariPool-1 - Starting...
2025-01-07T11:06:44.614+02:00  INFO 95127 --- [report-service] [Test worker] com.zaxxer.hikari.pool.HikariPool        : HikariPool-1 - Added connection org.postgresql.jdbc.PgConnection@1800c1e3
2025-01-07T11:06:44.618+02:00  INFO 95127 --- [report-service] [Test worker] com.zaxxer.hikari.HikariDataSource       : HikariPool-1 - Start completed.
2025-01-07T11:06:44.747+02:00  INFO 95127 --- [report-service] [Test worker] o.hibernate.jpa.internal.util.LogHelper  : HHH000204: Processing PersistenceUnitInfo [name: default]
2025-01-07T11:06:44.886+02:00  INFO 95127 --- [report-service] [Test worker] org.hibernate.Version                    : HHH000412: Hibernate ORM core version 6.6.4.Final
2025-01-07T11:06:44.977+02:00  INFO 95127 --- [report-service] [Test worker] o.h.c.internal.RegionFactoryInitiator    : HHH000026: Second-level cache disabled
2025-01-07T11:06:45.791+02:00  INFO 95127 --- [report-service] [Test worker] org.hibernate.orm.connections.pooling    : HHH10001005: Database info:
	Database JDBC URL [Connecting through datasource 'HikariDataSource (HikariPool-1)']
	Database driver: undefined/unknown
	Database version: 17.2
	Autocommit mode: undefined/unknown
	Isolation level: undefined/unknown
	Minimum pool size: undefined/unknown
	Maximum pool size: undefined/unknown
2025-01-07T11:06:48.507+02:00  INFO 95127 --- [report-service] [Test worker] o.h.e.t.j.p.i.JtaPlatformInitiator       : HHH000489: No JTA platform available (set 'hibernate.transaction.jta.platform' to enable JTA platform integration)
2025-01-07T11:07:09.415+02:00  INFO 95127 --- [report-service] [Test worker] com.netflix.discovery.DiscoveryClient    : Initializing Eureka in region us-east-1
2025-01-07T11:07:09.425+02:00  INFO 95127 --- [report-service] [Test worker] c.n.d.s.r.aws.ConfigClusterResolver      : Resolving eureka endpoints via configuration
2025-01-07T11:07:09.449+02:00  INFO 95127 --- [report-service] [Test worker] com.netflix.discovery.DiscoveryClient    : Disable delta property : false
2025-01-07T11:07:09.450+02:00  INFO 95127 --- [report-service] [Test worker] com.netflix.discovery.DiscoveryClient    : Single vip registry refresh property : null
2025-01-07T11:07:09.451+02:00  INFO 95127 --- [report-service] [Test worker] com.netflix.discovery.DiscoveryClient    : Force full registry fetch : false
2025-01-07T11:07:09.452+02:00  INFO 95127 --- [report-service] [Test worker] com.netflix.discovery.DiscoveryClient    : Application is null : false
2025-01-07T11:07:09.452+02:00  INFO 95127 --- [report-service] [Test worker] com.netflix.discovery.DiscoveryClient    : Registered Applications size is zero : true
2025-01-07T11:07:09.453+02:00  INFO 95127 --- [report-service] [Test worker] com.netflix.discovery.DiscoveryClient    : Application version is -1: true
2025-01-07T11:07:09.453+02:00  INFO 95127 --- [report-service] [Test worker] com.netflix.discovery.DiscoveryClient    : Getting all instance registry info from the eureka server
2025-01-07T11:07:10.487+02:00  INFO 95127 --- [report-service] [Test worker] com.netflix.discovery.DiscoveryClient    : The response status is 200
2025-01-07T11:07:10.501+02:00  INFO 95127 --- [report-service] [Test worker] com.netflix.discovery.DiscoveryClient    : Starting heartbeat executor: renew interval is: 30
2025-01-07T11:07:10.507+02:00  INFO 95127 --- [report-service] [Test worker] c.n.discovery.InstanceInfoReplicator     : InstanceInfoReplicator onDemand update allowed rate per min is 4
2025-01-07T11:07:10.512+02:00  INFO 95127 --- [report-service] [Test worker] com.netflix.discovery.DiscoveryClient    : Discovery Client initialized at timestamp 1736240830509 with initial instances count: 1
2025-01-07T11:07:10.536+02:00  INFO 95127 --- [report-service] [Test worker] com.netflix.discovery.DiscoveryClient    : Saw local status change event StatusChangeEvent [timestamp=1736240830536, current=UP, previous=STARTING]
2025-01-07T11:07:10.540+02:00  INFO 95127 --- [report-service] [DiscoveryClient-InstanceInfoReplicator-%d] com.netflix.discovery.DiscoveryClient    : DiscoveryClient_REPORT-SERVICE/anotherPc:report-service:9393: registering service...
2025-01-07T11:07:10.589+02:00  INFO 95127 --- [report-service] [Test worker] c.a.r.s.r.ReportTaskServiceTest          : Started ReportTaskServiceTest in 31.911 seconds (process running for 35.687)
2025-01-07T11:07:10.638+02:00  INFO 95127 --- [report-service] [DiscoveryClient-InstanceInfoReplicator-%d] com.netflix.discovery.DiscoveryClient    : DiscoveryClient_REPORT-SERVICE/anotherPc:report-service:9393 - registration status: 204
2025-01-07T11:07:12.329+02:00  INFO 95127 --- [report-service] [SpringApplicationShutdownHook] com.netflix.discovery.DiscoveryClient    : Saw local status change event StatusChangeEvent [timestamp=1736240832329, current=DOWN, previous=UP]
2025-01-07T11:07:12.330+02:00  INFO 95127 --- [report-service] [DiscoveryClient-InstanceInfoReplicator-%d] com.netflix.discovery.DiscoveryClient    : DiscoveryClient_REPORT-SERVICE/anotherPc:report-service:9393: registering service...
2025-01-07T11:07:12.342+02:00  INFO 95127 --- [report-service] [DiscoveryClient-InstanceInfoReplicator-%d] com.netflix.discovery.DiscoveryClient    : DiscoveryClient_REPORT-SERVICE/anotherPc:report-service:9393 - registration status: 204
2025-01-07T11:07:12.394+02:00  INFO 95127 --- [report-service] [SpringApplicationShutdownHook] com.zaxxer.hikari.HikariDataSource       : HikariPool-1 - Shutdown initiated...
2025-01-07T11:07:12.401+02:00  INFO 95127 --- [report-service] [SpringApplicationShutdownHook] com.zaxxer.hikari.HikariDataSource       : HikariPool-1 - Shutdown completed.
2025-01-07T11:07:12.403+02:00  INFO 95127 --- [report-service] [SpringApplicationShutdownHook] com.netflix.discovery.DiscoveryClient    : Shutting down DiscoveryClient ...
2025-01-07T11:07:15.457+02:00  INFO 95127 --- [report-service] [SpringApplicationShutdownHook] com.netflix.discovery.DiscoveryClient    : Unregistering ...
2025-01-07T11:07:15.614+02:00  INFO 95127 --- [report-service] [SpringApplicationShutdownHook] com.netflix.discovery.DiscoveryClient    : DiscoveryClient_REPORT-SERVICE/anotherPc:report-service:9393 - deregister  status: 200
2025-01-07T11:07:15.614+02:00  INFO 95127 --- [report-service] [SpringApplicationShutdownHook] com.netflix.discovery.DiscoveryClient    : Completed shut down of DiscoveryClient
2025-01-07T11:18:34.116+02:00  INFO 98114 --- [report-service] [Test worker] c.a.r.s.r.ReportTaskServiceTest          : Starting ReportTaskServiceTest using Java 17.0.13 with PID 98114 (started by another in /home/another/dev/developering/ticket-management-system/report-service)
2025-01-07T11:18:34.153+02:00  INFO 98114 --- [report-service] [Test worker] c.a.r.s.r.ReportTaskServiceTest          : No active profile set, falling back to 1 default profile: "default"
2025-01-07T11:18:37.892+02:00  INFO 98114 --- [report-service] [Test worker] com.zaxxer.hikari.HikariDataSource       : HikariPool-1 - Starting...
2025-01-07T11:18:38.318+02:00  INFO 98114 --- [report-service] [Test worker] com.zaxxer.hikari.pool.HikariPool        : HikariPool-1 - Added connection org.postgresql.jdbc.PgConnection@351e86b2
2025-01-07T11:18:38.321+02:00  INFO 98114 --- [report-service] [Test worker] com.zaxxer.hikari.HikariDataSource       : HikariPool-1 - Start completed.
2025-01-07T11:18:38.437+02:00  INFO 98114 --- [report-service] [Test worker] o.hibernate.jpa.internal.util.LogHelper  : HHH000204: Processing PersistenceUnitInfo [name: default]
2025-01-07T11:18:38.544+02:00  INFO 98114 --- [report-service] [Test worker] org.hibernate.Version                    : HHH000412: Hibernate ORM core version 6.6.4.Final
2025-01-07T11:18:38.607+02:00  INFO 98114 --- [report-service] [Test worker] o.h.c.internal.RegionFactoryInitiator    : HHH000026: Second-level cache disabled
2025-01-07T11:18:39.296+02:00  INFO 98114 --- [report-service] [Test worker] org.hibernate.orm.connections.pooling    : HHH10001005: Database info:
	Database JDBC URL [Connecting through datasource 'HikariDataSource (HikariPool-1)']
	Database driver: undefined/unknown
	Database version: 17.2
	Autocommit mode: undefined/unknown
	Isolation level: undefined/unknown
	Minimum pool size: undefined/unknown
	Maximum pool size: undefined/unknown
2025-01-07T11:18:40.940+02:00  INFO 98114 --- [report-service] [Test worker] o.h.e.t.j.p.i.JtaPlatformInitiator       : HHH000489: No JTA platform available (set 'hibernate.transaction.jta.platform' to enable JTA platform integration)
2025-01-07T11:18:46.196+02:00  INFO 98114 --- [report-service] [Test worker] com.netflix.discovery.DiscoveryClient    : Initializing Eureka in region us-east-1
2025-01-07T11:18:46.201+02:00  INFO 98114 --- [report-service] [Test worker] c.n.d.s.r.aws.ConfigClusterResolver      : Resolving eureka endpoints via configuration
2025-01-07T11:18:46.216+02:00  INFO 98114 --- [report-service] [Test worker] com.netflix.discovery.DiscoveryClient    : Disable delta property : false
2025-01-07T11:18:46.216+02:00  INFO 98114 --- [report-service] [Test worker] com.netflix.discovery.DiscoveryClient    : Single vip registry refresh property : null
2025-01-07T11:18:46.217+02:00  INFO 98114 --- [report-service] [Test worker] com.netflix.discovery.DiscoveryClient    : Force full registry fetch : false
2025-01-07T11:18:46.217+02:00  INFO 98114 --- [report-service] [Test worker] com.netflix.discovery.DiscoveryClient    : Application is null : false
2025-01-07T11:18:46.218+02:00  INFO 98114 --- [report-service] [Test worker] com.netflix.discovery.DiscoveryClient    : Registered Applications size is zero : true
2025-01-07T11:18:46.219+02:00  INFO 98114 --- [report-service] [Test worker] com.netflix.discovery.DiscoveryClient    : Application version is -1: true
2025-01-07T11:18:46.220+02:00  INFO 98114 --- [report-service] [Test worker] com.netflix.discovery.DiscoveryClient    : Getting all instance registry info from the eureka server
2025-01-07T11:18:46.728+02:00  INFO 98114 --- [report-service] [Test worker] com.netflix.discovery.DiscoveryClient    : The response status is 200
2025-01-07T11:18:46.733+02:00  INFO 98114 --- [report-service] [Test worker] com.netflix.discovery.DiscoveryClient    : Starting heartbeat executor: renew interval is: 30
2025-01-07T11:18:46.737+02:00  INFO 98114 --- [report-service] [Test worker] c.n.discovery.InstanceInfoReplicator     : InstanceInfoReplicator onDemand update allowed rate per min is 4
2025-01-07T11:18:46.740+02:00  INFO 98114 --- [report-service] [Test worker] com.netflix.discovery.DiscoveryClient    : Discovery Client initialized at timestamp 1736241526738 with initial instances count: 1
2025-01-07T11:18:46.760+02:00  INFO 98114 --- [report-service] [Test worker] com.netflix.discovery.DiscoveryClient    : Saw local status change event StatusChangeEvent [timestamp=1736241526760, current=UP, previous=STARTING]
2025-01-07T11:18:46.763+02:00  INFO 98114 --- [report-service] [DiscoveryClient-InstanceInfoReplicator-%d] com.netflix.discovery.DiscoveryClient    : DiscoveryClient_REPORT-SERVICE/anotherPc:report-service:9393: registering service...
2025-01-07T11:18:46.809+02:00  INFO 98114 --- [report-service] [Test worker] c.a.r.s.r.ReportTaskServiceTest          : Started ReportTaskServiceTest in 13.359 seconds (process running for 16.014)
2025-01-07T11:18:46.829+02:00  INFO 98114 --- [report-service] [DiscoveryClient-InstanceInfoReplicator-%d] com.netflix.discovery.DiscoveryClient    : DiscoveryClient_REPORT-SERVICE/anotherPc:report-service:9393 - registration status: 204
2025-01-07T11:18:47.869+02:00  INFO 98114 --- [report-service] [SpringApplicationShutdownHook] com.netflix.discovery.DiscoveryClient    : Saw local status change event StatusChangeEvent [timestamp=1736241527869, current=DOWN, previous=UP]
2025-01-07T11:18:47.870+02:00  INFO 98114 --- [report-service] [DiscoveryClient-InstanceInfoReplicator-%d] com.netflix.discovery.DiscoveryClient    : DiscoveryClient_REPORT-SERVICE/anotherPc:report-service:9393: registering service...
2025-01-07T11:18:47.882+02:00  INFO 98114 --- [report-service] [DiscoveryClient-InstanceInfoReplicator-%d] com.netflix.discovery.DiscoveryClient    : DiscoveryClient_REPORT-SERVICE/anotherPc:report-service:9393 - registration status: 204
2025-01-07T11:18:47.924+02:00  INFO 98114 --- [report-service] [SpringApplicationShutdownHook] com.zaxxer.hikari.HikariDataSource       : HikariPool-1 - Shutdown initiated...
2025-01-07T11:18:47.933+02:00  INFO 98114 --- [report-service] [SpringApplicationShutdownHook] com.zaxxer.hikari.HikariDataSource       : HikariPool-1 - Shutdown completed.
2025-01-07T11:18:47.935+02:00  INFO 98114 --- [report-service] [SpringApplicationShutdownHook] com.netflix.discovery.DiscoveryClient    : Shutting down DiscoveryClient ...
2025-01-07T11:18:50.936+02:00  INFO 98114 --- [report-service] [SpringApplicationShutdownHook] com.netflix.discovery.DiscoveryClient    : Unregistering ...
2025-01-07T11:18:50.948+02:00  INFO 98114 --- [report-service] [SpringApplicationShutdownHook] com.netflix.discovery.DiscoveryClient    : DiscoveryClient_REPORT-SERVICE/anotherPc:report-service:9393 - deregister  status: 200
2025-01-07T11:18:50.948+02:00  INFO 98114 --- [report-service] [SpringApplicationShutdownHook] com.netflix.discovery.DiscoveryClient    : Completed shut down of DiscoveryClient
2025-01-07T11:21:28.252+02:00  INFO 98865 --- [report-service] [Test worker] c.a.r.s.r.ReportTaskServiceTest          : Starting ReportTaskServiceTest using Java 17.0.13 with PID 98865 (started by another in /home/another/dev/developering/ticket-management-system/report-service)
2025-01-07T11:21:28.285+02:00  INFO 98865 --- [report-service] [Test worker] c.a.r.s.r.ReportTaskServiceTest          : No active profile set, falling back to 1 default profile: "default"
2025-01-07T11:21:32.197+02:00  INFO 98865 --- [report-service] [Test worker] com.zaxxer.hikari.HikariDataSource       : HikariPool-1 - Starting...
2025-01-07T11:21:32.674+02:00  INFO 98865 --- [report-service] [Test worker] com.zaxxer.hikari.pool.HikariPool        : HikariPool-1 - Added connection org.postgresql.jdbc.PgConnection@3265995e
2025-01-07T11:21:32.678+02:00  INFO 98865 --- [report-service] [Test worker] com.zaxxer.hikari.HikariDataSource       : HikariPool-1 - Start completed.
2025-01-07T11:21:32.797+02:00  INFO 98865 --- [report-service] [Test worker] o.hibernate.jpa.internal.util.LogHelper  : HHH000204: Processing PersistenceUnitInfo [name: default]
2025-01-07T11:21:32.903+02:00  INFO 98865 --- [report-service] [Test worker] org.hibernate.Version                    : HHH000412: Hibernate ORM core version 6.6.4.Final
2025-01-07T11:21:32.967+02:00  INFO 98865 --- [report-service] [Test worker] o.h.c.internal.RegionFactoryInitiator    : HHH000026: Second-level cache disabled
2025-01-07T11:21:33.643+02:00  INFO 98865 --- [report-service] [Test worker] org.hibernate.orm.connections.pooling    : HHH10001005: Database info:
	Database JDBC URL [Connecting through datasource 'HikariDataSource (HikariPool-1)']
	Database driver: undefined/unknown
	Database version: 17.2
	Autocommit mode: undefined/unknown
	Isolation level: undefined/unknown
	Minimum pool size: undefined/unknown
	Maximum pool size: undefined/unknown
2025-01-07T11:21:35.321+02:00  INFO 98865 --- [report-service] [Test worker] o.h.e.t.j.p.i.JtaPlatformInitiator       : HHH000489: No JTA platform available (set 'hibernate.transaction.jta.platform' to enable JTA platform integration)
2025-01-07T11:21:40.484+02:00  INFO 98865 --- [report-service] [Test worker] com.netflix.discovery.DiscoveryClient    : Initializing Eureka in region us-east-1
2025-01-07T11:21:40.490+02:00  INFO 98865 --- [report-service] [Test worker] c.n.d.s.r.aws.ConfigClusterResolver      : Resolving eureka endpoints via configuration
2025-01-07T11:21:40.504+02:00  INFO 98865 --- [report-service] [Test worker] com.netflix.discovery.DiscoveryClient    : Disable delta property : false
2025-01-07T11:21:40.504+02:00  INFO 98865 --- [report-service] [Test worker] com.netflix.discovery.DiscoveryClient    : Single vip registry refresh property : null
2025-01-07T11:21:40.505+02:00  INFO 98865 --- [report-service] [Test worker] com.netflix.discovery.DiscoveryClient    : Force full registry fetch : false
2025-01-07T11:21:40.506+02:00  INFO 98865 --- [report-service] [Test worker] com.netflix.discovery.DiscoveryClient    : Application is null : false
2025-01-07T11:21:40.506+02:00  INFO 98865 --- [report-service] [Test worker] com.netflix.discovery.DiscoveryClient    : Registered Applications size is zero : true
2025-01-07T11:21:40.507+02:00  INFO 98865 --- [report-service] [Test worker] com.netflix.discovery.DiscoveryClient    : Application version is -1: true
2025-01-07T11:21:40.507+02:00  INFO 98865 --- [report-service] [Test worker] com.netflix.discovery.DiscoveryClient    : Getting all instance registry info from the eureka server
2025-01-07T11:21:41.000+02:00  INFO 98865 --- [report-service] [Test worker] com.netflix.discovery.DiscoveryClient    : The response status is 200
2025-01-07T11:21:41.005+02:00  INFO 98865 --- [report-service] [Test worker] com.netflix.discovery.DiscoveryClient    : Starting heartbeat executor: renew interval is: 30
2025-01-07T11:21:41.008+02:00  INFO 98865 --- [report-service] [Test worker] c.n.discovery.InstanceInfoReplicator     : InstanceInfoReplicator onDemand update allowed rate per min is 4
2025-01-07T11:21:41.012+02:00  INFO 98865 --- [report-service] [Test worker] com.netflix.discovery.DiscoveryClient    : Discovery Client initialized at timestamp 1736241701010 with initial instances count: 1
2025-01-07T11:21:41.032+02:00  INFO 98865 --- [report-service] [Test worker] com.netflix.discovery.DiscoveryClient    : Saw local status change event StatusChangeEvent [timestamp=1736241701032, current=UP, previous=STARTING]
2025-01-07T11:21:41.035+02:00  INFO 98865 --- [report-service] [DiscoveryClient-InstanceInfoReplicator-%d] com.netflix.discovery.DiscoveryClient    : DiscoveryClient_REPORT-SERVICE/anotherPc:report-service:9393: registering service...
2025-01-07T11:21:41.076+02:00  INFO 98865 --- [report-service] [Test worker] c.a.r.s.r.ReportTaskServiceTest          : Started ReportTaskServiceTest in 13.619 seconds (process running for 16.274)
2025-01-07T11:21:41.104+02:00  INFO 98865 --- [report-service] [DiscoveryClient-InstanceInfoReplicator-%d] com.netflix.discovery.DiscoveryClient    : DiscoveryClient_REPORT-SERVICE/anotherPc:report-service:9393 - registration status: 204
2025-01-07T11:21:42.332+02:00  INFO 98865 --- [report-service] [SpringApplicationShutdownHook] com.netflix.discovery.DiscoveryClient    : Saw local status change event StatusChangeEvent [timestamp=1736241702331, current=DOWN, previous=UP]
2025-01-07T11:21:42.332+02:00  INFO 98865 --- [report-service] [DiscoveryClient-InstanceInfoReplicator-%d] com.netflix.discovery.DiscoveryClient    : DiscoveryClient_REPORT-SERVICE/anotherPc:report-service:9393: registering service...
2025-01-07T11:21:42.343+02:00  INFO 98865 --- [report-service] [DiscoveryClient-InstanceInfoReplicator-%d] com.netflix.discovery.DiscoveryClient    : DiscoveryClient_REPORT-SERVICE/anotherPc:report-service:9393 - registration status: 204
2025-01-07T11:21:42.394+02:00  INFO 98865 --- [report-service] [SpringApplicationShutdownHook] com.zaxxer.hikari.HikariDataSource       : HikariPool-1 - Shutdown initiated...
2025-01-07T11:21:42.402+02:00  INFO 98865 --- [report-service] [SpringApplicationShutdownHook] com.zaxxer.hikari.HikariDataSource       : HikariPool-1 - Shutdown completed.
2025-01-07T11:21:42.404+02:00  INFO 98865 --- [report-service] [SpringApplicationShutdownHook] com.netflix.discovery.DiscoveryClient    : Shutting down DiscoveryClient ...
2025-01-07T11:21:45.405+02:00  INFO 98865 --- [report-service] [SpringApplicationShutdownHook] com.netflix.discovery.DiscoveryClient    : Unregistering ...
2025-01-07T11:21:45.416+02:00  INFO 98865 --- [report-service] [SpringApplicationShutdownHook] com.netflix.discovery.DiscoveryClient    : DiscoveryClient_REPORT-SERVICE/anotherPc:report-service:9393 - deregister  status: 200
2025-01-07T11:21:45.417+02:00  INFO 98865 --- [report-service] [SpringApplicationShutdownHook] com.netflix.discovery.DiscoveryClient    : Completed shut down of DiscoveryClient
2025-01-07T11:23:44.913+02:00  INFO 99720 --- [report-service] [Test worker] c.a.r.s.r.ReportTaskServiceTest          : Starting ReportTaskServiceTest using Java 17.0.13 with PID 99720 (started by another in /home/another/dev/developering/ticket-management-system/report-service)
2025-01-07T11:23:44.949+02:00  INFO 99720 --- [report-service] [Test worker] c.a.r.s.r.ReportTaskServiceTest          : No active profile set, falling back to 1 default profile: "default"
2025-01-07T11:23:48.626+02:00  INFO 99720 --- [report-service] [Test worker] com.zaxxer.hikari.HikariDataSource       : HikariPool-1 - Starting...
2025-01-07T11:23:49.014+02:00  INFO 99720 --- [report-service] [Test worker] com.zaxxer.hikari.pool.HikariPool        : HikariPool-1 - Added connection org.postgresql.jdbc.PgConnection@50b38342
2025-01-07T11:23:49.017+02:00  INFO 99720 --- [report-service] [Test worker] com.zaxxer.hikari.HikariDataSource       : HikariPool-1 - Start completed.
2025-01-07T11:23:49.130+02:00  INFO 99720 --- [report-service] [Test worker] o.hibernate.jpa.internal.util.LogHelper  : HHH000204: Processing PersistenceUnitInfo [name: default]
2025-01-07T11:23:49.235+02:00  INFO 99720 --- [report-service] [Test worker] org.hibernate.Version                    : HHH000412: Hibernate ORM core version 6.6.4.Final
2025-01-07T11:23:49.300+02:00  INFO 99720 --- [report-service] [Test worker] o.h.c.internal.RegionFactoryInitiator    : HHH000026: Second-level cache disabled
2025-01-07T11:23:49.973+02:00  INFO 99720 --- [report-service] [Test worker] org.hibernate.orm.connections.pooling    : HHH10001005: Database info:
	Database JDBC URL [Connecting through datasource 'HikariDataSource (HikariPool-1)']
	Database driver: undefined/unknown
	Database version: 17.2
	Autocommit mode: undefined/unknown
	Isolation level: undefined/unknown
	Minimum pool size: undefined/unknown
	Maximum pool size: undefined/unknown
2025-01-07T11:23:51.608+02:00  INFO 99720 --- [report-service] [Test worker] o.h.e.t.j.p.i.JtaPlatformInitiator       : HHH000489: No JTA platform available (set 'hibernate.transaction.jta.platform' to enable JTA platform integration)
2025-01-07T11:23:56.792+02:00  INFO 99720 --- [report-service] [Test worker] com.netflix.discovery.DiscoveryClient    : Initializing Eureka in region us-east-1
2025-01-07T11:23:56.798+02:00  INFO 99720 --- [report-service] [Test worker] c.n.d.s.r.aws.ConfigClusterResolver      : Resolving eureka endpoints via configuration
2025-01-07T11:23:56.812+02:00  INFO 99720 --- [report-service] [Test worker] com.netflix.discovery.DiscoveryClient    : Disable delta property : false
2025-01-07T11:23:56.813+02:00  INFO 99720 --- [report-service] [Test worker] com.netflix.discovery.DiscoveryClient    : Single vip registry refresh property : null
2025-01-07T11:23:56.813+02:00  INFO 99720 --- [report-service] [Test worker] com.netflix.discovery.DiscoveryClient    : Force full registry fetch : false
2025-01-07T11:23:56.814+02:00  INFO 99720 --- [report-service] [Test worker] com.netflix.discovery.DiscoveryClient    : Application is null : false
2025-01-07T11:23:56.814+02:00  INFO 99720 --- [report-service] [Test worker] com.netflix.discovery.DiscoveryClient    : Registered Applications size is zero : true
2025-01-07T11:23:56.815+02:00  INFO 99720 --- [report-service] [Test worker] com.netflix.discovery.DiscoveryClient    : Application version is -1: true
2025-01-07T11:23:56.815+02:00  INFO 99720 --- [report-service] [Test worker] com.netflix.discovery.DiscoveryClient    : Getting all instance registry info from the eureka server
2025-01-07T11:23:57.313+02:00  INFO 99720 --- [report-service] [Test worker] com.netflix.discovery.DiscoveryClient    : The response status is 200
2025-01-07T11:23:57.316+02:00  INFO 99720 --- [report-service] [Test worker] com.netflix.discovery.DiscoveryClient    : Starting heartbeat executor: renew interval is: 30
2025-01-07T11:23:57.319+02:00  INFO 99720 --- [report-service] [Test worker] c.n.discovery.InstanceInfoReplicator     : InstanceInfoReplicator onDemand update allowed rate per min is 4
2025-01-07T11:23:57.323+02:00  INFO 99720 --- [report-service] [Test worker] com.netflix.discovery.DiscoveryClient    : Discovery Client initialized at timestamp 1736241837321 with initial instances count: 0
2025-01-07T11:23:57.341+02:00  INFO 99720 --- [report-service] [Test worker] com.netflix.discovery.DiscoveryClient    : Saw local status change event StatusChangeEvent [timestamp=1736241837341, current=UP, previous=STARTING]
2025-01-07T11:23:57.343+02:00  INFO 99720 --- [report-service] [DiscoveryClient-InstanceInfoReplicator-%d] com.netflix.discovery.DiscoveryClient    : DiscoveryClient_REPORT-SERVICE/anotherPc:report-service:9393: registering service...
2025-01-07T11:23:57.393+02:00  INFO 99720 --- [report-service] [Test worker] c.a.r.s.r.ReportTaskServiceTest          : Started ReportTaskServiceTest in 13.137 seconds (process running for 15.529)
2025-01-07T11:23:57.410+02:00  INFO 99720 --- [report-service] [DiscoveryClient-InstanceInfoReplicator-%d] com.netflix.discovery.DiscoveryClient    : DiscoveryClient_REPORT-SERVICE/anotherPc:report-service:9393 - registration status: 204
2025-01-07T11:23:58.629+02:00  INFO 99720 --- [report-service] [SpringApplicationShutdownHook] com.netflix.discovery.DiscoveryClient    : Saw local status change event StatusChangeEvent [timestamp=1736241838629, current=DOWN, previous=UP]
2025-01-07T11:23:58.630+02:00  INFO 99720 --- [report-service] [DiscoveryClient-InstanceInfoReplicator-%d] com.netflix.discovery.DiscoveryClient    : DiscoveryClient_REPORT-SERVICE/anotherPc:report-service:9393: registering service...
2025-01-07T11:23:58.642+02:00  INFO 99720 --- [report-service] [DiscoveryClient-InstanceInfoReplicator-%d] com.netflix.discovery.DiscoveryClient    : DiscoveryClient_REPORT-SERVICE/anotherPc:report-service:9393 - registration status: 204
2025-01-07T11:23:58.689+02:00  INFO 99720 --- [report-service] [SpringApplicationShutdownHook] com.zaxxer.hikari.HikariDataSource       : HikariPool-1 - Shutdown initiated...
2025-01-07T11:23:58.696+02:00  INFO 99720 --- [report-service] [SpringApplicationShutdownHook] com.zaxxer.hikari.HikariDataSource       : HikariPool-1 - Shutdown completed.
2025-01-07T11:23:58.698+02:00  INFO 99720 --- [report-service] [SpringApplicationShutdownHook] com.netflix.discovery.DiscoveryClient    : Shutting down DiscoveryClient ...
2025-01-07T11:24:01.699+02:00  INFO 99720 --- [report-service] [SpringApplicationShutdownHook] com.netflix.discovery.DiscoveryClient    : Unregistering ...
2025-01-07T11:24:01.714+02:00  INFO 99720 --- [report-service] [SpringApplicationShutdownHook] com.netflix.discovery.DiscoveryClient    : DiscoveryClient_REPORT-SERVICE/anotherPc:report-service:9393 - deregister  status: 200
2025-01-07T11:24:01.715+02:00  INFO 99720 --- [report-service] [SpringApplicationShutdownHook] com.netflix.discovery.DiscoveryClient    : Completed shut down of DiscoveryClient
2025-01-07T11:28:07.613+02:00  INFO 100897 --- [report-service] [Test worker] c.a.r.s.r.ReportTaskServiceTest          : Starting ReportTaskServiceTest using Java 17.0.13 with PID 100897 (started by another in /home/another/dev/developering/ticket-management-system/report-service)
2025-01-07T11:28:07.736+02:00  INFO 100897 --- [report-service] [Test worker] c.a.r.s.r.ReportTaskServiceTest          : No active profile set, falling back to 1 default profile: "default"
2025-01-07T11:28:11.803+02:00  INFO 100897 --- [report-service] [Test worker] com.zaxxer.hikari.HikariDataSource       : HikariPool-1 - Starting...
2025-01-07T11:28:12.579+02:00  INFO 100897 --- [report-service] [Test worker] com.zaxxer.hikari.pool.HikariPool        : HikariPool-1 - Added connection org.postgresql.jdbc.PgConnection@b8142f4
2025-01-07T11:28:12.582+02:00  INFO 100897 --- [report-service] [Test worker] com.zaxxer.hikari.HikariDataSource       : HikariPool-1 - Start completed.
2025-01-07T11:28:12.687+02:00  INFO 100897 --- [report-service] [Test worker] o.hibernate.jpa.internal.util.LogHelper  : HHH000204: Processing PersistenceUnitInfo [name: default]
2025-01-07T11:28:12.799+02:00  INFO 100897 --- [report-service] [Test worker] org.hibernate.Version                    : HHH000412: Hibernate ORM core version 6.6.4.Final
2025-01-07T11:28:12.864+02:00  INFO 100897 --- [report-service] [Test worker] o.h.c.internal.RegionFactoryInitiator    : HHH000026: Second-level cache disabled
2025-01-07T11:28:13.700+02:00  INFO 100897 --- [report-service] [Test worker] org.hibernate.orm.connections.pooling    : HHH10001005: Database info:
	Database JDBC URL [Connecting through datasource 'HikariDataSource (HikariPool-1)']
	Database driver: undefined/unknown
	Database version: 17.2
	Autocommit mode: undefined/unknown
	Isolation level: undefined/unknown
	Minimum pool size: undefined/unknown
	Maximum pool size: undefined/unknown
2025-01-07T11:28:15.354+02:00  INFO 100897 --- [report-service] [Test worker] o.h.e.t.j.p.i.JtaPlatformInitiator       : HHH000489: No JTA platform available (set 'hibernate.transaction.jta.platform' to enable JTA platform integration)
2025-01-07T11:28:20.881+02:00  INFO 100897 --- [report-service] [Test worker] com.netflix.discovery.DiscoveryClient    : Initializing Eureka in region us-east-1
2025-01-07T11:28:20.889+02:00  INFO 100897 --- [report-service] [Test worker] c.n.d.s.r.aws.ConfigClusterResolver      : Resolving eureka endpoints via configuration
2025-01-07T11:28:20.903+02:00  INFO 100897 --- [report-service] [Test worker] com.netflix.discovery.DiscoveryClient    : Disable delta property : false
2025-01-07T11:28:20.904+02:00  INFO 100897 --- [report-service] [Test worker] com.netflix.discovery.DiscoveryClient    : Single vip registry refresh property : null
2025-01-07T11:28:20.905+02:00  INFO 100897 --- [report-service] [Test worker] com.netflix.discovery.DiscoveryClient    : Force full registry fetch : false
2025-01-07T11:28:20.905+02:00  INFO 100897 --- [report-service] [Test worker] com.netflix.discovery.DiscoveryClient    : Application is null : false
2025-01-07T11:28:20.906+02:00  INFO 100897 --- [report-service] [Test worker] com.netflix.discovery.DiscoveryClient    : Registered Applications size is zero : true
2025-01-07T11:28:20.907+02:00  INFO 100897 --- [report-service] [Test worker] com.netflix.discovery.DiscoveryClient    : Application version is -1: true
2025-01-07T11:28:20.907+02:00  INFO 100897 --- [report-service] [Test worker] com.netflix.discovery.DiscoveryClient    : Getting all instance registry info from the eureka server
2025-01-07T11:28:21.434+02:00  INFO 100897 --- [report-service] [Test worker] com.netflix.discovery.DiscoveryClient    : The response status is 200
2025-01-07T11:28:21.438+02:00  INFO 100897 --- [report-service] [Test worker] com.netflix.discovery.DiscoveryClient    : Starting heartbeat executor: renew interval is: 30
2025-01-07T11:28:21.446+02:00  INFO 100897 --- [report-service] [Test worker] c.n.discovery.InstanceInfoReplicator     : InstanceInfoReplicator onDemand update allowed rate per min is 4
2025-01-07T11:28:21.450+02:00  INFO 100897 --- [report-service] [Test worker] com.netflix.discovery.DiscoveryClient    : Discovery Client initialized at timestamp 1736242101448 with initial instances count: 1
2025-01-07T11:28:21.472+02:00  INFO 100897 --- [report-service] [Test worker] com.netflix.discovery.DiscoveryClient    : Saw local status change event StatusChangeEvent [timestamp=1736242101472, current=UP, previous=STARTING]
2025-01-07T11:28:21.475+02:00  INFO 100897 --- [report-service] [DiscoveryClient-InstanceInfoReplicator-%d] com.netflix.discovery.DiscoveryClient    : DiscoveryClient_REPORT-SERVICE/anotherPc:report-service:9393: registering service...
2025-01-07T11:28:21.525+02:00  INFO 100897 --- [report-service] [Test worker] c.a.r.s.r.ReportTaskServiceTest          : Started ReportTaskServiceTest in 14.684 seconds (process running for 17.266)
2025-01-07T11:28:21.551+02:00  INFO 100897 --- [report-service] [DiscoveryClient-InstanceInfoReplicator-%d] com.netflix.discovery.DiscoveryClient    : DiscoveryClient_REPORT-SERVICE/anotherPc:report-service:9393 - registration status: 204
2025-01-07T11:28:23.846+02:00  INFO 100897 --- [report-service] [SpringApplicationShutdownHook] com.netflix.discovery.DiscoveryClient    : Saw local status change event StatusChangeEvent [timestamp=1736242103846, current=DOWN, previous=UP]
2025-01-07T11:28:23.847+02:00  INFO 100897 --- [report-service] [DiscoveryClient-InstanceInfoReplicator-%d] com.netflix.discovery.DiscoveryClient    : DiscoveryClient_REPORT-SERVICE/anotherPc:report-service:9393: registering service...
2025-01-07T11:28:23.859+02:00  INFO 100897 --- [report-service] [DiscoveryClient-InstanceInfoReplicator-%d] com.netflix.discovery.DiscoveryClient    : DiscoveryClient_REPORT-SERVICE/anotherPc:report-service:9393 - registration status: 204
2025-01-07T11:28:23.915+02:00  INFO 100897 --- [report-service] [SpringApplicationShutdownHook] com.zaxxer.hikari.HikariDataSource       : HikariPool-1 - Shutdown initiated...
2025-01-07T11:28:23.924+02:00  INFO 100897 --- [report-service] [SpringApplicationShutdownHook] com.zaxxer.hikari.HikariDataSource       : HikariPool-1 - Shutdown completed.
2025-01-07T11:28:23.926+02:00  INFO 100897 --- [report-service] [SpringApplicationShutdownHook] com.netflix.discovery.DiscoveryClient    : Shutting down DiscoveryClient ...
2025-01-07T11:28:26.927+02:00  INFO 100897 --- [report-service] [SpringApplicationShutdownHook] com.netflix.discovery.DiscoveryClient    : Unregistering ...
2025-01-07T11:28:26.939+02:00  INFO 100897 --- [report-service] [SpringApplicationShutdownHook] com.netflix.discovery.DiscoveryClient    : DiscoveryClient_REPORT-SERVICE/anotherPc:report-service:9393 - deregister  status: 200
2025-01-07T11:28:26.940+02:00  INFO 100897 --- [report-service] [SpringApplicationShutdownHook] com.netflix.discovery.DiscoveryClient    : Completed shut down of DiscoveryClient
